This is pdfTeX, Version 3.14159265-2.6-1.40.19 (MiKTeX 2.9.6800 64-bit) (preloaded format=pdflatex 2018.9.25)  24 JUL 2019 12:23
entering extended mode
**./Fachbericht.tex
(Fachbericht.tex
LaTeX2e <2018-04-01> patch level 5
(fhnwreport.cls
Document Class: fhnwreport 2018/05/06 v2.5 PDF-LaTeX class for FHNW reports

("C:\Users\Anders\AppData\Local\Programs\MiKTeX 2.9\tex\latex\koma-script\scrre
prt.cls"
Document Class: scrreprt 2018/03/30 v3.25 KOMA-Script document class (report)

("C:\Users\Anders\AppData\Local\Programs\MiKTeX 2.9\tex\latex\koma-script\scrkb
ase.sty"
Package: scrkbase 2018/03/30 v3.25 KOMA-Script package (KOMA-Script-dependent b
asics and keyval usage)

("C:\Users\Anders\AppData\Local\Programs\MiKTeX 2.9\tex\latex\koma-script\scrba
se.sty"
Package: scrbase 2018/03/30 v3.25 KOMA-Script package (KOMA-Script-independent 
basics and keyval usage)

("C:\Users\Anders\AppData\Local\Programs\MiKTeX 2.9\tex\latex\graphics\keyval.s
ty"
Package: keyval 2014/10/28 v1.15 key=value parser (DPC)
\KV@toks@=\toks14
)
("C:\Users\Anders\AppData\Local\Programs\MiKTeX 2.9\tex\latex\koma-script\scrlf
ile.sty"
Package: scrlfile 2018/03/30 v3.25 KOMA-Script package (loading files)
)))
("C:\Users\Anders\AppData\Local\Programs\MiKTeX 2.9\tex\latex\koma-script\tocba
sic.sty"
Package: tocbasic 2018/03/30 v3.25 KOMA-Script package (handling toc-files)
\scr@dte@tocline@numberwidth=\skip41
\scr@dte@tocline@numbox=\box26
)
Package tocbasic Info: omitting babel extension for `toc'
(tocbasic)             because of feature `nobabel' available
(tocbasic)             for `toc' on input line 136.
Package tocbasic Info: defining new hook before heading of `' on input line 166
7.
Class scrreprt Info: File `scrsize11pt.clo' used instead of
(scrreprt)           file `scrsize11.clo' to setup font sizes on input line 232
8.

("C:\Users\Anders\AppData\Local\Programs\MiKTeX 2.9\tex\latex\koma-script\scrsi
ze11pt.clo"
File: scrsize11pt.clo 2018/03/30 v3.25 KOMA-Script font size class option (11pt
)
)
("C:\Users\Anders\AppData\Local\Programs\MiKTeX 2.9\tex\latex\koma-script\typea
rea.sty"
Package: typearea 2018/03/30 v3.25 KOMA-Script package (type area)
\ta@bcor=\skip42
\ta@div=\count80
\ta@hblk=\skip43
\ta@vblk=\skip44
\ta@temp=\skip45
\footheight=\skip46
Package typearea Info: These are the values describing the layout:
(typearea)             DIV  = 10
(typearea)             BCOR = 0.0pt
(typearea)             \paperwidth      = 597.50793pt
(typearea)              \textwidth      = 418.25555pt
(typearea)              DIV departure   = -6%
(typearea)              \evensidemargin = 17.3562pt
(typearea)              \oddsidemargin  = 17.3562pt
(typearea)             \paperheight     = 845.04694pt
(typearea)              \textheight     = 595.80026pt
(typearea)              \topmargin      = -25.16531pt
(typearea)              \headheight     = 17.0pt
(typearea)              \headsep        = 20.40001pt
(typearea)              \topskip        = 11.0pt
(typearea)              \footskip       = 47.6pt
(typearea)              \baselineskip   = 13.6pt
(typearea)              on input line 1706.
)
\c@part=\count81
\c@chapter=\count82
\c@section=\count83
\c@subsection=\count84
\c@subsubsection=\count85
\c@paragraph=\count86
\c@subparagraph=\count87
\scr@dte@part@maxnumwidth=\skip47
\scr@dte@chapter@maxnumwidth=\skip48
\scr@dte@section@maxnumwidth=\skip49
\scr@dte@subsection@maxnumwidth=\skip50
\scr@dte@subsubsection@maxnumwidth=\skip51
\scr@dte@paragraph@maxnumwidth=\skip52
\scr@dte@subparagraph@maxnumwidth=\skip53
\abovecaptionskip=\skip54
\belowcaptionskip=\skip55
\c@pti@nb@sid@b@x=\box27
\scr@dte@figure@maxnumwidth=\skip56
Package tocbasic Info: omitting babel extension for `lof'
(tocbasic)             because of feature `nobabel' available
(tocbasic)             for `lof' on input line 6247.
\c@figure=\count88
\scr@dte@table@maxnumwidth=\skip57
Package tocbasic Info: omitting babel extension for `lot'
(tocbasic)             because of feature `nobabel' available
(tocbasic)             for `lot' on input line 6264.
\c@table=\count89
Class scrreprt Info: Redefining `\numberline' on input line 6433.
\bibindent=\dimen102
)
("C:\Users\Anders\AppData\Local\Programs\MiKTeX 2.9\tex\latex\geometry\geometry
.sty"
Package: geometry 2018/04/16 v5.8 Page Geometry

("C:\Users\Anders\AppData\Local\Programs\MiKTeX 2.9\tex\generic\oberdiek\ifpdf.
sty"
Package: ifpdf 2018/09/07 v3.3 Provides the ifpdf switch
)
("C:\Users\Anders\AppData\Local\Programs\MiKTeX 2.9\tex\generic\oberdiek\ifvtex
.sty"
Package: ifvtex 2016/05/16 v1.6 Detect VTeX and its facilities (HO)
Package ifvtex Info: VTeX not detected.
)
("C:\Users\Anders\AppData\Local\Programs\MiKTeX 2.9\tex\generic\ifxetex\ifxetex
.sty"
Package: ifxetex 2010/09/12 v0.6 Provides ifxetex conditional
)
\Gm@cnth=\count90
\Gm@cntv=\count91
\c@Gm@tempcnt=\count92
\Gm@bindingoffset=\dimen103
\Gm@wd@mp=\dimen104
\Gm@odd@mp=\dimen105
\Gm@even@mp=\dimen106
\Gm@layoutwidth=\dimen107
\Gm@layoutheight=\dimen108
\Gm@layouthoffset=\dimen109
\Gm@layoutvoffset=\dimen110
\Gm@dimlist=\toks15

("C:\Users\Anders\AppData\Local\Programs\MiKTeX 2.9\tex\latex\geometry\geometry
.cfg"))
("C:\Users\Anders\AppData\Local\Programs\MiKTeX 2.9\tex\latex\tools\calc.sty"
Package: calc 2017/05/25 v4.3 Infix arithmetic (KKT,FJ)
\calc@Acount=\count93
\calc@Bcount=\count94
\calc@Adimen=\dimen111
\calc@Bdimen=\dimen112
\calc@Askip=\skip58
\calc@Bskip=\skip59
LaTeX Info: Redefining \setlength on input line 80.
LaTeX Info: Redefining \addtolength on input line 81.
\calc@Ccount=\count95
\calc@Cskip=\skip60
)
("C:\Users\Anders\AppData\Local\Programs\MiKTeX 2.9\tex\latex\psnfss\times.sty"
Package: times 2005/04/12 PSNFSS-v9.2a (SPQR) 
)
("C:\Users\Anders\AppData\Local\Programs\MiKTeX 2.9\tex\latex\graphics\graphicx
.sty"
Package: graphicx 2017/06/01 v1.1a Enhanced LaTeX Graphics (DPC,SPQR)

("C:\Users\Anders\AppData\Local\Programs\MiKTeX 2.9\tex\latex\graphics\graphics
.sty"
Package: graphics 2017/06/25 v1.2c Standard LaTeX Graphics (DPC,SPQR)

("C:\Users\Anders\AppData\Local\Programs\MiKTeX 2.9\tex\latex\graphics\trig.sty
"
Package: trig 2016/01/03 v1.10 sin cos tan (DPC)
)
("C:\Users\Anders\AppData\Local\Programs\MiKTeX 2.9\tex\latex\graphics-cfg\grap
hics.cfg"
File: graphics.cfg 2016/06/04 v1.11 sample graphics configuration
)
Package graphics Info: Driver file: pdftex.def on input line 99.

("C:\Users\Anders\AppData\Local\Programs\MiKTeX 2.9\tex\latex\graphics-def\pdft
ex.def"
File: pdftex.def 2018/01/08 v1.0l Graphics/color driver for pdftex
))
\Gin@req@height=\dimen113
\Gin@req@width=\dimen114
)
("C:\Users\Anders\AppData\Local\Programs\MiKTeX 2.9\tex\latex\chngcntr\chngcntr
.sty"
Package: chngcntr 2018/04/09 v1.1a change counter resetting
Package chngcntr Info: \counterwithout already defined.
(chngcntr)             Quitting chngcntr on input line 21.
)

Class scrreprt Warning: Usage of package `tocbibind' together
(scrreprt)              with a KOMA-Script class is not recommended.
(scrreprt)              I'd suggest to use options like `listof=totoc'
(scrreprt)              or `bibliography=totoc', or commands like
(scrreprt)              `\setuptoc{toc}{totoc}' instead of this package,
(scrreprt)              because it breaks several KOMA-Script features of
(scrreprt)              the list of figures, list of tables, bibliography,
(scrreprt)              index and the running head.
(scrreprt)              Nevertheless, using requested
(scrreprt)              package `tocbibind' on input line 213.


("C:\Users\Anders\AppData\Local\Programs\MiKTeX 2.9\tex\latex\tocbibind\tocbibi
nd.sty"
Package: tocbibind 2010/10/13 v1.5k extra ToC listings
Package tocbibind Info: The document has chapter divisions on input line 50.


Package tocbibind Note: Using chapter style headings, unless overridden.

)
("C:\Users\Anders\AppData\Local\Programs\MiKTeX 2.9\tex\latex\hyperref\hyperref
.sty"
Package: hyperref 2018/02/06 v6.86b Hypertext links for LaTeX

("C:\Users\Anders\AppData\Local\Programs\MiKTeX 2.9\tex\generic\oberdiek\hobsub
-hyperref.sty"
Package: hobsub-hyperref 2016/05/16 v1.14 Bundle oberdiek, subset hyperref (HO)


("C:\Users\Anders\AppData\Local\Programs\MiKTeX 2.9\tex\generic\oberdiek\hobsub
-generic.sty"
Package: hobsub-generic 2016/05/16 v1.14 Bundle oberdiek, subset generic (HO)
Package: hobsub 2016/05/16 v1.14 Construct package bundles (HO)
Package: infwarerr 2016/05/16 v1.4 Providing info/warning/error messages (HO)
Package: ltxcmds 2016/05/16 v1.23 LaTeX kernel commands for general use (HO)
Package: ifluatex 2016/05/16 v1.4 Provides the ifluatex switch (HO)
Package ifluatex Info: LuaTeX not detected.
Package hobsub Info: Skipping package `ifvtex' (already loaded).
Package: intcalc 2016/05/16 v1.2 Expandable calculations with integers (HO)
Package hobsub Info: Skipping package `ifpdf' (already loaded).
Package: etexcmds 2016/05/16 v1.6 Avoid name clashes with e-TeX commands (HO)
Package etexcmds Info: Could not find \expanded.
(etexcmds)             That can mean that you are not using pdfTeX 1.50 or
(etexcmds)             that some package has redefined \expanded.
(etexcmds)             In the latter case, load this package earlier.
Package: kvsetkeys 2016/05/16 v1.17 Key value parser (HO)
Package: kvdefinekeys 2016/05/16 v1.4 Define keys (HO)
Package: pdftexcmds 2018/09/10 v0.29 Utility functions of pdfTeX for LuaTeX (HO
)
Package pdftexcmds Info: LuaTeX not detected.
Package pdftexcmds Info: \pdf@primitive is available.
Package pdftexcmds Info: \pdf@ifprimitive is available.
Package pdftexcmds Info: \pdfdraftmode found.
Package: pdfescape 2016/05/16 v1.14 Implements pdfTeX's escape features (HO)
Package: bigintcalc 2016/05/16 v1.4 Expandable calculations on big integers (HO
)
Package: bitset 2016/05/16 v1.2 Handle bit-vector datatype (HO)
Package: uniquecounter 2016/05/16 v1.3 Provide unlimited unique counter (HO)
)
Package hobsub Info: Skipping package `hobsub' (already loaded).
Package: letltxmacro 2016/05/16 v1.5 Let assignment for LaTeX macros (HO)
Package: hopatch 2016/05/16 v1.3 Wrapper for package hooks (HO)
Package: xcolor-patch 2016/05/16 xcolor patch
Package: atveryend 2016/05/16 v1.9 Hooks at the very end of document (HO)
Package atveryend Info: \enddocument detected (standard20110627).
Package: atbegshi 2016/06/09 v1.18 At begin shipout hook (HO)
Package: refcount 2016/05/16 v3.5 Data extraction from label references (HO)
Package: hycolor 2016/05/16 v1.8 Color options for hyperref/bookmark (HO)
)
("C:\Users\Anders\AppData\Local\Programs\MiKTeX 2.9\tex\latex\oberdiek\auxhook.
sty"
Package: auxhook 2016/05/16 v1.4 Hooks for auxiliary files (HO)
)
("C:\Users\Anders\AppData\Local\Programs\MiKTeX 2.9\tex\latex\oberdiek\kvoption
s.sty"
Package: kvoptions 2016/05/16 v3.12 Key value format for package options (HO)
)
\@linkdim=\dimen115
\Hy@linkcounter=\count96
\Hy@pagecounter=\count97

("C:\Users\Anders\AppData\Local\Programs\MiKTeX 2.9\tex\latex\hyperref\pd1enc.d
ef"
File: pd1enc.def 2018/02/06 v6.86b Hyperref: PDFDocEncoding definition (HO)
Now handling font encoding PD1 ...
... no UTF-8 mapping file for font encoding PD1
)
\Hy@SavedSpaceFactor=\count98

("C:\Users\Anders\AppData\Local\Programs\MiKTeX 2.9\tex\latex\00miktex\hyperref
.cfg"
File: hyperref.cfg 2002/06/06 v1.2 hyperref configuration of TeXLive
)
Package hyperref Info: Option `final' set `true' on input line 4383.
Package hyperref Info: Hyper figures OFF on input line 4509.
Package hyperref Info: Link nesting OFF on input line 4514.
Package hyperref Info: Hyper index ON on input line 4517.
Package hyperref Info: Plain pages OFF on input line 4524.
Package hyperref Info: Backreferencing OFF on input line 4529.
Package hyperref Info: Implicit mode ON; LaTeX internals redefined.
Package hyperref Info: Bookmarks ON on input line 4762.
\c@Hy@tempcnt=\count99
 ("C:\Users\Anders\AppData\Local\Programs\MiKTeX 2.9\tex\latex\url\url.sty"
\Urlmuskip=\muskip10
Package: url 2013/09/16  ver 3.4  Verb mode for urls, etc.
)
LaTeX Info: Redefining \url on input line 5115.
\XeTeXLinkMargin=\dimen116
\Fld@menulength=\count100
\Field@Width=\dimen117
\Fld@charsize=\dimen118
Package hyperref Info: Hyper figures OFF on input line 6369.
Package hyperref Info: Link nesting OFF on input line 6374.
Package hyperref Info: Hyper index ON on input line 6377.
Package hyperref Info: backreferencing OFF on input line 6384.
Package hyperref Info: Link coloring OFF on input line 6389.
Package hyperref Info: Link coloring with OCG OFF on input line 6394.
Package hyperref Info: PDF/A mode OFF on input line 6399.
LaTeX Info: Redefining \ref on input line 6439.
LaTeX Info: Redefining \pageref on input line 6443.
\Hy@abspage=\count101
\c@Item=\count102
\c@Hfootnote=\count103
)
Package hyperref Info: Driver (autodetected): hpdftex.

("C:\Users\Anders\AppData\Local\Programs\MiKTeX 2.9\tex\latex\hyperref\hpdftex.
def"
File: hpdftex.def 2018/02/06 v6.86b Hyperref driver for pdfTeX
\Fld@listcount=\count104
\c@bookmark@seq@number=\count105

("C:\Users\Anders\AppData\Local\Programs\MiKTeX 2.9\tex\latex\oberdiek\rerunfil
echeck.sty"
Package: rerunfilecheck 2016/05/16 v1.8 Rerun checks for auxiliary files (HO)
Package uniquecounter Info: New unique counter `rerunfilecheck' on input line 2
82.
)
\Hy@SectionHShift=\skip61
)
("C:\Users\Anders\AppData\Local\Programs\MiKTeX 2.9\tex\latex\graphics\color.st
y"
Package: color 2016/07/10 v1.1e Standard LaTeX Color (DPC)

("C:\Users\Anders\AppData\Local\Programs\MiKTeX 2.9\tex\latex\graphics-cfg\colo
r.cfg"
File: color.cfg 2016/01/02 v1.6 sample color configuration
)
Package color Info: Driver file: pdftex.def on input line 147.
)
Package hyperref Info: Option `bookmarksnumbered' set `true' on input line 214.


("C:\Users\Anders\AppData\Local\Programs\MiKTeX 2.9\tex\latex\caption\caption.s
ty"
Package: caption 2018/05/01 v3.3-147 Customizing captions (AR)

("C:\Users\Anders\AppData\Local\Programs\MiKTeX 2.9\tex\latex\caption\caption3.
sty"
Package: caption3 2018/05/27 v1.8a caption3 kernel (AR)
Package caption3 Info: TeX engine: e-TeX on input line 64.
\captionmargin=\dimen119
\captionmargin@=\dimen120
\captionwidth=\dimen121
\caption@tempdima=\dimen122
\caption@indent=\dimen123
\caption@parindent=\dimen124
\caption@hangindent=\dimen125
)
Package caption Info: KOMA-Script document class.
\c@ContinuedFloat=\count106
Package caption Info: hyperref package is loaded.
)) (header.tex
("C:\Users\Anders\AppData\Local\Programs\MiKTeX 2.9\tex\generic\babel\babel.sty
"
Package: babel 2018/09/02 3.23 The Babel package

("C:\Users\Anders\AppData\Local\Programs\MiKTeX 2.9\tex\generic\babel\switch.de
f"
File: switch.def 2018/09/02 3.23 Babel switching mechanism
)
*************************************
* Local config file bblopts.cfg used
*
("C:\Users\Anders\AppData\Local\Programs\MiKTeX 2.9\tex\latex\arabi\bblopts.cfg
"
File: bblopts.cfg 2005/09/08 v0.1 add Arabic and Farsi to "declared" options of
 babel
)
("C:\Users\Anders\AppData\Local\Programs\MiKTeX 2.9\tex\latex\babel-english\eng
lish.ldf"
Language: english 2017/06/06 v3.3r English support from the babel system

("C:\Users\Anders\AppData\Local\Programs\MiKTeX 2.9\tex\generic\babel\babel.def
"
File: babel.def 2018/09/02 3.23 Babel common definitions
\babel@savecnt=\count107
\U@D=\dimen126

("C:\Users\Anders\AppData\Local\Programs\MiKTeX 2.9\tex\generic\babel\txtbabel.
def")
\bbl@dirlevel=\count108
)
\l@canadian = a dialect from \language\l@american 
\l@australian = a dialect from \language\l@british 
\l@newzealand = a dialect from \language\l@british 
)
("C:\Users\Anders\AppData\Local\Programs\MiKTeX 2.9\tex\latex\babel-german\nger
man.ldf"
Language: ngerman 2018/03/29 v2.10 German support for babel (post-1996 orthogra
phy)

("C:\Users\Anders\AppData\Local\Programs\MiKTeX 2.9\tex\latex\babel-german\nger
manb.ldf"
Language: ngermanb 2018/03/29 v2.10 German support for babel (post-1996 orthogr
aphy)
Package babel Info: Making " an active character on input line 121.
)))
("C:\Users\Anders\AppData\Local\Programs\MiKTeX 2.9\tex\latex\base\fontenc.sty"
Package: fontenc 2017/04/05 v2.0i Standard LaTeX package
("C:\Users\Anders\AppData\Local\Programs\MiKTeX 2.9\tex\latex\base\t1enc.def"
File: t1enc.def 2017/04/05 v2.0i Standard LaTeX file
LaTeX Font Info:    Redeclaring font encoding T1 on input line 48.
)) ("C:\Users\Anders\AppData\Local\Programs\MiKTeX 2.9\tex\latex\base\inputenc.
sty"
Package: inputenc 2018/04/06 v1.3b Input encoding file
\inpenc@prehook=\toks16
\inpenc@posthook=\toks17
) ("C:\Users\Anders\AppData\Local\Programs\MiKTeX 2.9\tex\latex\lm\lmodern.sty"
Package: lmodern 2009/10/30 v1.6 Latin Modern Fonts
LaTeX Font Info:    Overwriting symbol font `operators' in version `normal'
(Font)                  OT1/cmr/m/n --> OT1/lmr/m/n on input line 22.
LaTeX Font Info:    Overwriting symbol font `letters' in version `normal'
(Font)                  OML/cmm/m/it --> OML/lmm/m/it on input line 23.
LaTeX Font Info:    Overwriting symbol font `symbols' in version `normal'
(Font)                  OMS/cmsy/m/n --> OMS/lmsy/m/n on input line 24.
LaTeX Font Info:    Overwriting symbol font `largesymbols' in version `normal'
(Font)                  OMX/cmex/m/n --> OMX/lmex/m/n on input line 25.
LaTeX Font Info:    Overwriting symbol font `operators' in version `bold'
(Font)                  OT1/cmr/bx/n --> OT1/lmr/bx/n on input line 26.
LaTeX Font Info:    Overwriting symbol font `letters' in version `bold'
(Font)                  OML/cmm/b/it --> OML/lmm/b/it on input line 27.
LaTeX Font Info:    Overwriting symbol font `symbols' in version `bold'
(Font)                  OMS/cmsy/b/n --> OMS/lmsy/b/n on input line 28.
LaTeX Font Info:    Overwriting symbol font `largesymbols' in version `bold'
(Font)                  OMX/cmex/m/n --> OMX/lmex/m/n on input line 29.
LaTeX Font Info:    Overwriting math alphabet `\mathbf' in version `normal'
(Font)                  OT1/cmr/bx/n --> OT1/lmr/bx/n on input line 31.
LaTeX Font Info:    Overwriting math alphabet `\mathsf' in version `normal'
(Font)                  OT1/cmss/m/n --> OT1/lmss/m/n on input line 32.
LaTeX Font Info:    Overwriting math alphabet `\mathit' in version `normal'
(Font)                  OT1/cmr/m/it --> OT1/lmr/m/it on input line 33.
LaTeX Font Info:    Overwriting math alphabet `\mathtt' in version `normal'
(Font)                  OT1/cmtt/m/n --> OT1/lmtt/m/n on input line 34.
LaTeX Font Info:    Overwriting math alphabet `\mathbf' in version `bold'
(Font)                  OT1/cmr/bx/n --> OT1/lmr/bx/n on input line 35.
LaTeX Font Info:    Overwriting math alphabet `\mathsf' in version `bold'
(Font)                  OT1/cmss/bx/n --> OT1/lmss/bx/n on input line 36.
LaTeX Font Info:    Overwriting math alphabet `\mathit' in version `bold'
(Font)                  OT1/cmr/bx/it --> OT1/lmr/bx/it on input line 37.
LaTeX Font Info:    Overwriting math alphabet `\mathtt' in version `bold'
(Font)                  OT1/cmtt/m/n --> OT1/lmtt/m/n on input line 38.
)
("C:\Users\Anders\AppData\Local\Programs\MiKTeX 2.9\tex\latex\base\textcomp.sty
"
Package: textcomp 2017/04/05 v2.0i Standard LaTeX package
Package textcomp Info: Sub-encoding information:
(textcomp)               5 = only ISO-Adobe without \textcurrency
(textcomp)               4 = 5 + \texteuro
(textcomp)               3 = 4 + \textohm
(textcomp)               2 = 3 + \textestimated + \textcurrency
(textcomp)               1 = TS1 - \textcircled - \t
(textcomp)               0 = TS1 (full)
(textcomp)             Font families with sub-encoding setting implement
(textcomp)             only a restricted character set as indicated.
(textcomp)             Family '?' is the default used for unknown fonts.
(textcomp)             See the documentation for details.
Package textcomp Info: Setting ? sub-encoding to TS1/1 on input line 79.
 ("C:\Users\Anders\AppData\Local\Programs\MiKTeX 2.9\tex\latex\base\ts1enc.def"
File: ts1enc.def 2001/06/05 v3.0e (jk/car/fm) Standard LaTeX file
Now handling font encoding TS1 ...
... processing UTF-8 mapping file for font encoding TS1
 ("C:\Users\Anders\AppData\Local\Programs\MiKTeX 2.9\tex\latex\base\ts1enc.dfu"
File: ts1enc.dfu 2018/04/05 v1.2c UTF-8 support for inputenc
   defining Unicode char U+00A2 (decimal 162)
   defining Unicode char U+00A3 (decimal 163)
   defining Unicode char U+00A4 (decimal 164)
   defining Unicode char U+00A5 (decimal 165)
   defining Unicode char U+00A6 (decimal 166)
   defining Unicode char U+00A7 (decimal 167)
   defining Unicode char U+00A8 (decimal 168)
   defining Unicode char U+00A9 (decimal 169)
   defining Unicode char U+00AA (decimal 170)
   defining Unicode char U+00AC (decimal 172)
   defining Unicode char U+00AE (decimal 174)
   defining Unicode char U+00AF (decimal 175)
   defining Unicode char U+00B0 (decimal 176)
   defining Unicode char U+00B1 (decimal 177)
   defining Unicode char U+00B2 (decimal 178)
   defining Unicode char U+00B3 (decimal 179)
   defining Unicode char U+00B4 (decimal 180)
   defining Unicode char U+00B5 (decimal 181)
   defining Unicode char U+00B6 (decimal 182)
   defining Unicode char U+00B7 (decimal 183)
   defining Unicode char U+00B9 (decimal 185)
   defining Unicode char U+00BA (decimal 186)
   defining Unicode char U+00BC (decimal 188)
   defining Unicode char U+00BD (decimal 189)
   defining Unicode char U+00BE (decimal 190)
   defining Unicode char U+00D7 (decimal 215)
   defining Unicode char U+00F7 (decimal 247)
   defining Unicode char U+0192 (decimal 402)
   defining Unicode char U+02C7 (decimal 711)
   defining Unicode char U+02D8 (decimal 728)
   defining Unicode char U+02DD (decimal 733)
   defining Unicode char U+0E3F (decimal 3647)
   defining Unicode char U+2016 (decimal 8214)
   defining Unicode char U+2020 (decimal 8224)
   defining Unicode char U+2021 (decimal 8225)
   defining Unicode char U+2022 (decimal 8226)
   defining Unicode char U+2030 (decimal 8240)
   defining Unicode char U+2031 (decimal 8241)
   defining Unicode char U+203B (decimal 8251)
   defining Unicode char U+203D (decimal 8253)
   defining Unicode char U+2044 (decimal 8260)
   defining Unicode char U+204E (decimal 8270)
   defining Unicode char U+2052 (decimal 8274)
   defining Unicode char U+20A1 (decimal 8353)
   defining Unicode char U+20A4 (decimal 8356)
   defining Unicode char U+20A6 (decimal 8358)
   defining Unicode char U+20A9 (decimal 8361)
   defining Unicode char U+20AB (decimal 8363)
   defining Unicode char U+20AC (decimal 8364)
   defining Unicode char U+20B1 (decimal 8369)
   defining Unicode char U+2103 (decimal 8451)
   defining Unicode char U+2116 (decimal 8470)
   defining Unicode char U+2117 (decimal 8471)
   defining Unicode char U+211E (decimal 8478)
   defining Unicode char U+2120 (decimal 8480)
   defining Unicode char U+2122 (decimal 8482)
   defining Unicode char U+2126 (decimal 8486)
   defining Unicode char U+2127 (decimal 8487)
   defining Unicode char U+212E (decimal 8494)
   defining Unicode char U+2190 (decimal 8592)
   defining Unicode char U+2191 (decimal 8593)
   defining Unicode char U+2192 (decimal 8594)
   defining Unicode char U+2193 (decimal 8595)
   defining Unicode char U+2329 (decimal 9001)
   defining Unicode char U+232A (decimal 9002)
   defining Unicode char U+2422 (decimal 9250)
   defining Unicode char U+25E6 (decimal 9702)
   defining Unicode char U+25EF (decimal 9711)
   defining Unicode char U+266A (decimal 9834)
   defining Unicode char U+FEFF (decimal 65279)
))
LaTeX Info: Redefining \oldstylenums on input line 334.
Package textcomp Info: Setting cmr sub-encoding to TS1/0 on input line 349.
Package textcomp Info: Setting cmss sub-encoding to TS1/0 on input line 350.
Package textcomp Info: Setting cmtt sub-encoding to TS1/0 on input line 351.
Package textcomp Info: Setting cmvtt sub-encoding to TS1/0 on input line 352.
Package textcomp Info: Setting cmbr sub-encoding to TS1/0 on input line 353.
Package textcomp Info: Setting cmtl sub-encoding to TS1/0 on input line 354.
Package textcomp Info: Setting ccr sub-encoding to TS1/0 on input line 355.
Package textcomp Info: Setting ptm sub-encoding to TS1/4 on input line 356.
Package textcomp Info: Setting pcr sub-encoding to TS1/4 on input line 357.
Package textcomp Info: Setting phv sub-encoding to TS1/4 on input line 358.
Package textcomp Info: Setting ppl sub-encoding to TS1/3 on input line 359.
Package textcomp Info: Setting pag sub-encoding to TS1/4 on input line 360.
Package textcomp Info: Setting pbk sub-encoding to TS1/4 on input line 361.
Package textcomp Info: Setting pnc sub-encoding to TS1/4 on input line 362.
Package textcomp Info: Setting pzc sub-encoding to TS1/4 on input line 363.
Package textcomp Info: Setting bch sub-encoding to TS1/4 on input line 364.
Package textcomp Info: Setting put sub-encoding to TS1/5 on input line 365.
Package textcomp Info: Setting uag sub-encoding to TS1/5 on input line 366.
Package textcomp Info: Setting ugq sub-encoding to TS1/5 on input line 367.
Package textcomp Info: Setting ul8 sub-encoding to TS1/4 on input line 368.
Package textcomp Info: Setting ul9 sub-encoding to TS1/4 on input line 369.
Package textcomp Info: Setting augie sub-encoding to TS1/5 on input line 370.
Package textcomp Info: Setting dayrom sub-encoding to TS1/3 on input line 371.
Package textcomp Info: Setting dayroms sub-encoding to TS1/3 on input line 372.

Package textcomp Info: Setting pxr sub-encoding to TS1/0 on input line 373.
Package textcomp Info: Setting pxss sub-encoding to TS1/0 on input line 374.
Package textcomp Info: Setting pxtt sub-encoding to TS1/0 on input line 375.
Package textcomp Info: Setting txr sub-encoding to TS1/0 on input line 376.
Package textcomp Info: Setting txss sub-encoding to TS1/0 on input line 377.
Package textcomp Info: Setting txtt sub-encoding to TS1/0 on input line 378.
Package textcomp Info: Setting lmr sub-encoding to TS1/0 on input line 379.
Package textcomp Info: Setting lmdh sub-encoding to TS1/0 on input line 380.
Package textcomp Info: Setting lmss sub-encoding to TS1/0 on input line 381.
Package textcomp Info: Setting lmssq sub-encoding to TS1/0 on input line 382.
Package textcomp Info: Setting lmvtt sub-encoding to TS1/0 on input line 383.
Package textcomp Info: Setting lmtt sub-encoding to TS1/0 on input line 384.
Package textcomp Info: Setting qhv sub-encoding to TS1/0 on input line 385.
Package textcomp Info: Setting qag sub-encoding to TS1/0 on input line 386.
Package textcomp Info: Setting qbk sub-encoding to TS1/0 on input line 387.
Package textcomp Info: Setting qcr sub-encoding to TS1/0 on input line 388.
Package textcomp Info: Setting qcs sub-encoding to TS1/0 on input line 389.
Package textcomp Info: Setting qpl sub-encoding to TS1/0 on input line 390.
Package textcomp Info: Setting qtm sub-encoding to TS1/0 on input line 391.
Package textcomp Info: Setting qzc sub-encoding to TS1/0 on input line 392.
Package textcomp Info: Setting qhvc sub-encoding to TS1/0 on input line 393.
Package textcomp Info: Setting futs sub-encoding to TS1/4 on input line 394.
Package textcomp Info: Setting futx sub-encoding to TS1/4 on input line 395.
Package textcomp Info: Setting futj sub-encoding to TS1/4 on input line 396.
Package textcomp Info: Setting hlh sub-encoding to TS1/3 on input line 397.
Package textcomp Info: Setting hls sub-encoding to TS1/3 on input line 398.
Package textcomp Info: Setting hlst sub-encoding to TS1/3 on input line 399.
Package textcomp Info: Setting hlct sub-encoding to TS1/5 on input line 400.
Package textcomp Info: Setting hlx sub-encoding to TS1/5 on input line 401.
Package textcomp Info: Setting hlce sub-encoding to TS1/5 on input line 402.
Package textcomp Info: Setting hlcn sub-encoding to TS1/5 on input line 403.
Package textcomp Info: Setting hlcw sub-encoding to TS1/5 on input line 404.
Package textcomp Info: Setting hlcf sub-encoding to TS1/5 on input line 405.
Package textcomp Info: Setting pplx sub-encoding to TS1/3 on input line 406.
Package textcomp Info: Setting pplj sub-encoding to TS1/3 on input line 407.
Package textcomp Info: Setting ptmx sub-encoding to TS1/4 on input line 408.
Package textcomp Info: Setting ptmj sub-encoding to TS1/4 on input line 409.
)
("C:\Users\Anders\AppData\Local\Programs\MiKTeX 2.9\tex\latex\float\float.sty"
Package: float 2001/11/08 v1.3d Float enhancements (AL)
\c@float@type=\count109
\float@exts=\toks18
\float@box=\box28
\@float@everytoks=\toks19
\@floatcapt=\box29
)
("C:\Users\Anders\AppData\Local\Programs\MiKTeX 2.9\tex\latex\oberdiek\ifdraft.
sty"
Package: ifdraft 2016/05/16 v1.4 Detect class options draft and final (HO)
)
("C:\Users\Anders\AppData\Local\Programs\MiKTeX 2.9\tex\latex\xcolor\xcolor.sty
"
Package: xcolor 2016/05/11 v2.12 LaTeX color extensions (UK)

("C:\Users\Anders\AppData\Local\Programs\MiKTeX 2.9\tex\latex\graphics-cfg\colo
r.cfg"
File: color.cfg 2016/01/02 v1.6 sample color configuration
)
Package xcolor Info: Driver file: pdftex.def on input line 225.

("C:\Users\Anders\AppData\Local\Programs\MiKTeX 2.9\tex\latex\colortbl\colortbl
.sty"
Package: colortbl 2018/05/02 v1.0c Color table columns (DPC)

("C:\Users\Anders\AppData\Local\Programs\MiKTeX 2.9\tex\latex\tools\array.sty"
Package: array 2018/04/30 v2.4h Tabular extension package (FMi)
\col@sep=\dimen127
\ar@mcellbox=\box30
\extrarowheight=\dimen128
\NC@list=\toks20
\extratabsurround=\skip62
\backup@length=\skip63
\ar@cellbox=\box31
)
\everycr=\toks21
\minrowclearance=\skip64
)
LaTeX Info: Redefining \color on input line 709.
\rownum=\count110
Package xcolor Info: Model `cmy' substituted by `cmy0' on input line 1348.
Package xcolor Info: Model `hsb' substituted by `rgb' on input line 1352.
Package xcolor Info: Model `RGB' extended on input line 1364.
Package xcolor Info: Model `HTML' substituted by `rgb' on input line 1366.
Package xcolor Info: Model `Hsb' substituted by `hsb' on input line 1367.
Package xcolor Info: Model `tHsb' substituted by `hsb' on input line 1368.
Package xcolor Info: Model `HSB' substituted by `hsb' on input line 1369.
Package xcolor Info: Model `Gray' substituted by `gray' on input line 1370.
Package xcolor Info: Model `wave' substituted by `hsb' on input line 1371.

("C:\Users\Anders\AppData\Local\Programs\MiKTeX 2.9\tex\latex\graphics\dvipsnam
.def"
File: dvipsnam.def 2016/06/17 v3.0m Driver-dependent file (DPC,SPQR)
))
("C:\Users\Anders\AppData\Local\Programs\MiKTeX 2.9\tex\latex\csquotes\csquotes
.sty"
Package: csquotes 2018/04/13 v5.2d context-sensitive quotations (JAW)

("C:\Users\Anders\AppData\Local\Programs\MiKTeX 2.9\tex\latex\etoolbox\etoolbox
.sty"
Package: etoolbox 2018/08/19 v2.5f e-TeX tools for LaTeX (JAW)
\etb@tempcnta=\count111
)
\csq@reset=\count112
\csq@gtype=\count113
\csq@glevel=\count114
\csq@qlevel=\count115
\csq@maxlvl=\count116
\csq@tshold=\count117
\csq@ltx@everypar=\toks22

("C:\Users\Anders\AppData\Local\Programs\MiKTeX 2.9\tex\latex\csquotes\csquotes
.def"
File: csquotes.def 2018/04/13 v5.2d csquotes generic definitions (JAW)
)
Package csquotes Info: Trying to load configuration file 'csquotes.cfg'...
Package csquotes Info: ... configuration file loaded successfully.

("C:\Users\Anders\AppData\Local\Programs\MiKTeX 2.9\tex\latex\csquotes\csquotes
.cfg"
File: csquotes.cfg 
))
("C:\Users\Anders\AppData\Local\Programs\MiKTeX 2.9\tex\latex\siunitx\siunitx.s
ty"
("C:\Users\Anders\AppData\Local\Programs\MiKTeX 2.9\tex\latex\l3kernel\expl3.st
y"
Package: expl3 2018-08-23 L3 programming layer (loader) 

("C:\Users\Anders\AppData\Local\Programs\MiKTeX 2.9\tex\latex\l3kernel\expl3-co
de.tex"
Package: expl3 2018-08-23 L3 programming layer (code)
\c_max_int=\count118
\l_tmpa_int=\count119
\l_tmpb_int=\count120
\g_tmpa_int=\count121
\g_tmpb_int=\count122
\g__kernel_prg_map_int=\count123
\c_log_iow=\count124
\l_iow_line_count_int=\count125
\l__iow_line_target_int=\count126
\l__iow_one_indent_int=\count127
\l__iow_indent_int=\count128
\c_zero_dim=\dimen129
\c_max_dim=\dimen130
\l_tmpa_dim=\dimen131
\l_tmpb_dim=\dimen132
\g_tmpa_dim=\dimen133
\g_tmpb_dim=\dimen134
\c_zero_skip=\skip65
\c_max_skip=\skip66
\l_tmpa_skip=\skip67
\l_tmpb_skip=\skip68
\g_tmpa_skip=\skip69
\g_tmpb_skip=\skip70
\c_zero_muskip=\muskip11
\c_max_muskip=\muskip12
\l_tmpa_muskip=\muskip13
\l_tmpb_muskip=\muskip14
\g_tmpa_muskip=\muskip15
\g_tmpb_muskip=\muskip16
\l_keys_choice_int=\count129
\l__intarray_loop_int=\count130
\c__intarray_sp_dim=\dimen135
\g__intarray_font_int=\count131
\c__fp_leading_shift_int=\count132
\c__fp_middle_shift_int=\count133
\c__fp_trailing_shift_int=\count134
\c__fp_big_leading_shift_int=\count135
\c__fp_big_middle_shift_int=\count136
\c__fp_big_trailing_shift_int=\count137
\c__fp_Bigg_leading_shift_int=\count138
\c__fp_Bigg_middle_shift_int=\count139
\c__fp_Bigg_trailing_shift_int=\count140
\c__kernel_randint_max_int=\count141
\g__fp_array_int=\count142
\l__fp_array_loop_int=\count143
\l__sort_length_int=\count144
\l__sort_min_int=\count145
\l__sort_top_int=\count146
\l__sort_max_int=\count147
\l__sort_true_max_int=\count148
\l__sort_block_int=\count149
\l__sort_begin_int=\count150
\l__sort_end_int=\count151
\l__sort_A_int=\count152
\l__sort_B_int=\count153
\l__sort_C_int=\count154
\l__tl_analysis_normal_int=\count155
\l__tl_analysis_index_int=\count156
\l__tl_analysis_nesting_int=\count157
\l__tl_analysis_type_int=\count158
\l__regex_internal_a_int=\count159
\l__regex_internal_b_int=\count160
\l__regex_internal_c_int=\count161
\l__regex_balance_int=\count162
\l__regex_group_level_int=\count163
\l__regex_mode_int=\count164
\c__regex_cs_in_class_mode_int=\count165
\c__regex_cs_mode_int=\count166
\l__regex_catcodes_int=\count167
\l__regex_default_catcodes_int=\count168
\c__regex_catcode_D_int=\count169
\c__regex_catcode_S_int=\count170
\c__regex_catcode_L_int=\count171
\c__regex_catcode_O_int=\count172
\c__regex_catcode_A_int=\count173
\c__regex_all_catcodes_int=\count174
\l__regex_show_lines_int=\count175
\l__regex_min_state_int=\count176
\l__regex_max_state_int=\count177
\l__regex_left_state_int=\count178
\l__regex_right_state_int=\count179
\l__regex_capturing_group_int=\count180
\l__regex_min_pos_int=\count181
\l__regex_max_pos_int=\count182
\l__regex_curr_pos_int=\count183
\l__regex_start_pos_int=\count184
\l__regex_success_pos_int=\count185
\l__regex_curr_char_int=\count186
\l__regex_curr_catcode_int=\count187
\l__regex_last_char_int=\count188
\l__regex_case_changed_char_int=\count189
\l__regex_curr_state_int=\count190
\l__regex_step_int=\count191
\l__regex_min_active_int=\count192
\l__regex_max_active_int=\count193
\l__regex_replacement_csnames_int=\count194
\l__regex_match_count_int=\count195
\l__regex_min_submatch_int=\count196
\l__regex_submatch_int=\count197
\l__regex_zeroth_submatch_int=\count198
\g__regex_trace_regex_int=\count199
\c_empty_box=\box32
\l_tmpa_box=\box33
\l_tmpb_box=\box34
\g_tmpa_box=\box35
\g_tmpb_box=\box36
\l__box_top_dim=\dimen136
\l__box_bottom_dim=\dimen137
\l__box_left_dim=\dimen138
\l__box_right_dim=\dimen139
\l__box_top_new_dim=\dimen140
\l__box_bottom_new_dim=\dimen141
\l__box_left_new_dim=\dimen142
\l__box_right_new_dim=\dimen143
\l__box_internal_box=\box37
\l__coffin_internal_box=\box38
\l__coffin_internal_dim=\dimen144
\l__coffin_offset_x_dim=\dimen145
\l__coffin_offset_y_dim=\dimen146
\l__coffin_x_dim=\dimen147
\l__coffin_y_dim=\dimen148
\l__coffin_x_prime_dim=\dimen149
\l__coffin_y_prime_dim=\dimen150
\c_empty_coffin=\box39
\l__coffin_aligned_coffin=\box40
\l__coffin_aligned_internal_coffin=\box41
\l_tmpa_coffin=\box42
\l_tmpb_coffin=\box43
\l__coffin_display_coffin=\box44
\l__coffin_display_coord_coffin=\box45
\l__coffin_display_pole_coffin=\box46
\l__coffin_display_offset_dim=\dimen151
\l__coffin_display_x_dim=\dimen152
\l__coffin_display_y_dim=\dimen153
\g__file_internal_ior=\read1
\l__coffin_bounding_shift_dim=\dimen154
\l__coffin_left_corner_dim=\dimen155
\l__coffin_right_corner_dim=\dimen156
\l__coffin_bottom_corner_dim=\dimen157
\l__coffin_top_corner_dim=\dimen158
\l__coffin_scaled_total_height_dim=\dimen159
\l__coffin_scaled_width_dim=\dimen160
\l__seq_internal_a_int=\count266
\l__seq_internal_b_int=\count267
)
("C:\Users\Anders\AppData\Local\Programs\MiKTeX 2.9\tex\latex\l3kernel\l3pdfmod
e.def"
File: l3pdfmode.def 2018-08-23 v L3 Experimental driver: PDF mode
\l__driver_color_stack_int=\count268
))
("C:\Users\Anders\AppData\Local\Programs\MiKTeX 2.9\tex\latex\l3packages\xparse
\xparse.sty"
Package: xparse 2018-08-23 L3 Experimental document command parser
\l__xparse_current_arg_int=\count269
\g__xparse_grabber_int=\count270
\l__xparse_m_args_int=\count271
\l__xparse_mandatory_args_int=\count272
\l__xparse_v_nesting_int=\count273
)
Package: siunitx 2018/05/17 v2.7s A comprehensive (SI) units package

("C:\Users\Anders\AppData\Local\Programs\MiKTeX 2.9\tex\latex\amsmath\amstext.s
ty"
Package: amstext 2000/06/29 v2.01 AMS text

("C:\Users\Anders\AppData\Local\Programs\MiKTeX 2.9\tex\latex\amsmath\amsgen.st
y"
File: amsgen.sty 1999/11/30 v2.0 generic functions
\@emptytoks=\toks23
\ex@=\dimen161
))
("C:\Users\Anders\AppData\Local\Programs\MiKTeX 2.9\tex\latex\l3packages\l3keys
2e\l3keys2e.sty"
Package: l3keys2e 2018-08-23 LaTeX2e option processing using LaTeX3 keys
)
\l__siunitx_tmp_box=\box47
\l__siunitx_tmp_dim=\dimen162
\l__siunitx_tmp_int=\count274
\l__siunitx_number_mantissa_length_int=\count275
\l__siunitx_number_uncert_length_int=\count276
\l__siunitx_round_int=\count277
\l__siunitx_process_decimal_int=\count278
\l__siunitx_process_uncertainty_int=\count279
\l__siunitx_process_fixed_int=\count280
\l__siunitx_process_integer_min_int=\count281
\l__siunitx_process_precision_int=\count282
\l__siunitx_group_min_int=\count283
\l__siunitx_angle_marker_box=\box48
\l__siunitx_angle_unit_box=\box49
\l__siunitx_angle_marker_dim=\dimen163
\l__siunitx_angle_unit_dim=\dimen164
\l__siunitx_unit_int=\count284
\l__siunitx_unit_denominator_int=\count285
\l__siunitx_unit_numerator_int=\count286
\l__siunitx_unit_prefix_int=\count287
\l__siunitx_unit_prefix_base_int=\count288
\l__siunitx_unit_prefix_gram_int=\count289
\l__siunitx_number_product_int=\count290
\c__siunitx_one_fill_skip=\skip71
\l__siunitx_table_unit_align_skip=\skip72
\l__siunitx_table_exponent_dim=\dimen165
\l__siunitx_table_integer_dim=\dimen166
\l__siunitx_table_mantissa_dim=\dimen167
\l__siunitx_table_marker_dim=\dimen168
\l__siunitx_table_result_dim=\dimen169
\l__siunitx_table_uncert_dim=\dimen170
\l__siunitx_table_fill_pre_dim=\dimen171
\l__siunitx_table_fill_post_dim=\dimen172
\l__siunitx_table_fill_mid_dim=\dimen173
\l__siunitx_table_pre_box=\box50
\l__siunitx_table_post_box=\box51
\l__siunitx_table_mantissa_box=\box52
\l__siunitx_table_result_box=\box53
\l__siunitx_table_number_align_skip=\skip73
\l__siunitx_table_text_align_skip=\skip74
.................................................
. LaTeX info: "xparse/define-command"
. 
. Defining command \DeclareBinaryPrefix with sig. 'mmm' on line 7237.
.................................................
.................................................
. LaTeX info: "xparse/define-command"
. 
. Defining command \DeclareSIPostPower with sig. 'mm' on line 7240.
.................................................
.................................................
. LaTeX info: "xparse/define-command"
. 
. Defining command \DeclareSIPrefix with sig. 'mmm' on line 7243.
.................................................
.................................................
. LaTeX info: "xparse/define-command"
. 
. Defining command \DeclareSIPrePower with sig. 'mm' on line 7246.
.................................................
.................................................
. LaTeX info: "xparse/define-command"
. 
. Defining command \DeclareSIQualifier with sig. 'mm' on line 7249.
.................................................
.................................................
. LaTeX info: "xparse/define-command"
. 
. Defining command \DeclareSIUnit with sig. 'O{}mm' on line 7252.
.................................................
.................................................
. LaTeX info: "xparse/define-command"
. 
. Defining command \DeclareSIUnitWithOptions with sig. 'mmm' on line 7255.
.................................................
.................................................
. LaTeX info: "xparse/define-command"
. 
. Defining command \ang with sig. 'o>{\SplitArgument {2}{;}}m' on line 7270.
.................................................
.................................................
. LaTeX info: "xparse/define-command"
. 
. Defining command \num with sig. 'om' on line 7279.
.................................................
.................................................
. LaTeX info: "xparse/define-command"
. 
. Defining command \numlist with sig. 'o>{\SplitList {;}}m' on line 7288.
.................................................
.................................................
. LaTeX info: "xparse/define-command"
. 
. Defining command \numrange with sig. 'omm' on line 7297.
.................................................
.................................................
. LaTeX info: "xparse/define-command"
. 
. Defining command \SIlist with sig. 'o>{\SplitList {;}}mm' on line 7309.
.................................................
.................................................
. LaTeX info: "xparse/define-command"
. 
. Defining command \SIrange with sig. 'ommm' on line 7321.
.................................................
.................................................
. LaTeX info: "xparse/define-command"
. 
. Defining command \SI with sig. 'omom' on line 7333.
.................................................
.................................................
. LaTeX info: "xparse/define-command"
. 
. Defining command \sisetup with sig. 'm' on line 7336.
.................................................
.................................................
. LaTeX info: "xparse/define-command"
. 
. Defining command \tablenum with sig. 'om' on line 7351.
.................................................
.................................................
. LaTeX info: "xparse/define-command"
. 
. Defining command \si with sig. 'om' on line 7363.
.................................................
.................................................
. LaTeX info: "xparse/define-command"
. 
. Defining command \numInBookmark with sig. 'om' on line 7410.
.................................................
.................................................
. LaTeX info: "xparse/define-command"
. 
. Defining command \numrangeInBookmark with sig. 'omm' on line 7412.
.................................................
.................................................
. LaTeX info: "xparse/define-command"
. 
. Defining command \SIInBookmark with sig. 'omom' on line 7414.
.................................................
.................................................
. LaTeX info: "xparse/define-command"
. 
. Defining command \SIlistInBookmark with sig. 'omm' on line 7416.
.................................................
.................................................
. LaTeX info: "xparse/define-command"
. 
. Defining command \SIrangeInBookmark with sig. 'ommm' on line 7418.
.................................................
.................................................
. LaTeX info: "xparse/define-command"
. 
. Defining command \siInBookmark with sig. 'om' on line 7419.
.................................................

("C:\Users\Anders\AppData\Local\Programs\MiKTeX 2.9\tex\latex\translator\transl
ator.sty"
Package: translator 2018/01/04 v1.12 Easy translation of strings in LaTeX
))
("C:\Users\Anders\AppData\Local\Programs\MiKTeX 2.9\tex\latex\listings\listings
.sty"
\lst@mode=\count291
\lst@gtempboxa=\box54
\lst@token=\toks24
\lst@length=\count292
\lst@currlwidth=\dimen174
\lst@column=\count293
\lst@pos=\count294
\lst@lostspace=\dimen175
\lst@width=\dimen176
\lst@newlines=\count295
\lst@lineno=\count296
\lst@maxwidth=\dimen177

("C:\Users\Anders\AppData\Local\Programs\MiKTeX 2.9\tex\latex\listings\lstmisc.
sty"
File: lstmisc.sty 2018/09/02 1.7 (Carsten Heinz)
\c@lstnumber=\count297
\lst@skipnumbers=\count298
\lst@framebox=\box55
)
("C:\Users\Anders\AppData\Local\Programs\MiKTeX 2.9\tex\latex\listings\listings
.cfg"
File: listings.cfg 2018/09/02 1.7 listings configuration
))
Package: listings 2018/09/02 1.7 (Carsten Heinz)

("C:\Users\Anders\AppData\Local\Programs\MiKTeX 2.9\tex\latex\footmisc\footmisc
.sty"
Package: footmisc 2011/06/06 v5.5b a miscellany of footnote facilities
\FN@temptoken=\toks25
\footnotemargin=\dimen178
\c@pp@next@reset=\count299
Package footmisc Info: Declaring symbol style bringhurst on input line 855.
Package footmisc Info: Declaring symbol style chicago on input line 863.
Package footmisc Info: Declaring symbol style wiley on input line 872.
Package footmisc Info: Declaring symbol style lamport-robust on input line 883.

Package footmisc Info: Declaring symbol style lamport* on input line 903.
Package footmisc Info: Declaring symbol style lamport*-robust on input line 924
.
)
("C:\Users\Anders\AppData\Local\Programs\MiKTeX 2.9\tex\latex\mdwtools\footnote
.sty"
Package: footnote 1997/01/28 1.13 Save footnotes around boxes
\fn@notes=\box56
\fn@width=\dimen179
)
("C:\Users\Anders\AppData\Local\Programs\MiKTeX 2.9\tex\latex\tools\verbatim.st
y"
Package: verbatim 2014/10/28 v1.5q LaTeX2e package for verbatim enhancements
\every@verbatim=\toks26
\verbatim@line=\toks27
\verbatim@in@stream=\read2
)
("C:\Users\Anders\AppData\Local\Programs\MiKTeX 2.9\tex\latex\todonotes\todonot
es.sty"
Package: todonotes 2015/07/09 .dtx Todonotes source and documentation.
Package: todonotes 2012/07/25

("C:\Users\Anders\AppData\Local\Programs\MiKTeX 2.9\tex\latex\base\ifthen.sty"
Package: ifthen 2014/09/29 v1.1c Standard LaTeX ifthen package (DPC)
)
("C:\Users\Anders\AppData\Local\Programs\MiKTeX 2.9\tex\latex\xkeyval\xkeyval.s
ty"
Package: xkeyval 2014/12/03 v2.7a package option processing (HA)

("C:\Users\Anders\AppData\Local\Programs\MiKTeX 2.9\tex\generic\xkeyval\xkeyval
.tex"
("C:\Users\Anders\AppData\Local\Programs\MiKTeX 2.9\tex\generic\xkeyval\xkvutil
s.tex"
\XKV@toks=\toks28
\XKV@tempa@toks=\toks29
)
\XKV@depth=\count300
File: xkeyval.tex 2014/12/03 v2.7a key=value parser (HA)
))
("C:\Users\Anders\AppData\Local\Programs\MiKTeX 2.9\tex\latex\pgf\frontendlayer
\tikz.sty"
("C:\Users\Anders\AppData\Local\Programs\MiKTeX 2.9\tex\latex\pgf\basiclayer\pg
f.sty"
("C:\Users\Anders\AppData\Local\Programs\MiKTeX 2.9\tex\latex\pgf\utilities\pgf
rcs.sty"
("C:\Users\Anders\AppData\Local\Programs\MiKTeX 2.9\tex\generic\pgf\utilities\p
gfutil-common.tex"
\pgfutil@everybye=\toks30
\pgfutil@tempdima=\dimen180
\pgfutil@tempdimb=\dimen181

("C:\Users\Anders\AppData\Local\Programs\MiKTeX 2.9\tex\generic\pgf\utilities\p
gfutil-common-lists.tex"))
("C:\Users\Anders\AppData\Local\Programs\MiKTeX 2.9\tex\generic\pgf\utilities\p
gfutil-latex.def"
\pgfutil@abb=\box57

("C:\Users\Anders\AppData\Local\Programs\MiKTeX 2.9\tex\latex\ms\everyshi.sty"
Package: everyshi 2001/05/15 v3.00 EveryShipout Package (MS)
))
("C:\Users\Anders\AppData\Local\Programs\MiKTeX 2.9\tex\generic\pgf\utilities\p
gfrcs.code.tex"
Package: pgfrcs 2015/08/07 v3.0.1a (rcs-revision 1.31)
))
Package: pgf 2015/08/07 v3.0.1a (rcs-revision 1.15)

("C:\Users\Anders\AppData\Local\Programs\MiKTeX 2.9\tex\latex\pgf\basiclayer\pg
fcore.sty"
("C:\Users\Anders\AppData\Local\Programs\MiKTeX 2.9\tex\latex\pgf\systemlayer\p
gfsys.sty"
("C:\Users\Anders\AppData\Local\Programs\MiKTeX 2.9\tex\generic\pgf\systemlayer
\pgfsys.code.tex"
Package: pgfsys 2014/07/09 v3.0.1a (rcs-revision 1.48)

("C:\Users\Anders\AppData\Local\Programs\MiKTeX 2.9\tex\generic\pgf\utilities\p
gfkeys.code.tex"
\pgfkeys@pathtoks=\toks31
\pgfkeys@temptoks=\toks32

("C:\Users\Anders\AppData\Local\Programs\MiKTeX 2.9\tex\generic\pgf\utilities\p
gfkeysfiltered.code.tex"
\pgfkeys@tmptoks=\toks33
))
\pgf@x=\dimen182
\pgf@y=\dimen183
\pgf@xa=\dimen184
\pgf@ya=\dimen185
\pgf@xb=\dimen186
\pgf@yb=\dimen187
\pgf@xc=\dimen188
\pgf@yc=\dimen189
\w@pgf@writea=\write3
\r@pgf@reada=\read3
\c@pgf@counta=\count301
\c@pgf@countb=\count302
\c@pgf@countc=\count303
\c@pgf@countd=\count304
\t@pgf@toka=\toks34
\t@pgf@tokb=\toks35
\t@pgf@tokc=\toks36

("C:\Users\Anders\AppData\Local\Programs\MiKTeX 2.9\tex\generic\pgf\systemlayer
\pgf.cfg"
File: pgf.cfg 2008/05/14  (rcs-revision 1.7)
)
Driver file for pgf: pgfsys-pdftex.def

("C:\Users\Anders\AppData\Local\Programs\MiKTeX 2.9\tex\generic\pgf\systemlayer
\pgfsys-pdftex.def"
File: pgfsys-pdftex.def 2014/10/11  (rcs-revision 1.35)

("C:\Users\Anders\AppData\Local\Programs\MiKTeX 2.9\tex\generic\pgf\systemlayer
\pgfsys-common-pdf.def"
File: pgfsys-common-pdf.def 2013/10/10  (rcs-revision 1.13)
)))
("C:\Users\Anders\AppData\Local\Programs\MiKTeX 2.9\tex\generic\pgf\systemlayer
\pgfsyssoftpath.code.tex"
File: pgfsyssoftpath.code.tex 2013/09/09  (rcs-revision 1.9)
\pgfsyssoftpath@smallbuffer@items=\count305
\pgfsyssoftpath@bigbuffer@items=\count306
)
("C:\Users\Anders\AppData\Local\Programs\MiKTeX 2.9\tex\generic\pgf\systemlayer
\pgfsysprotocol.code.tex"
File: pgfsysprotocol.code.tex 2006/10/16  (rcs-revision 1.4)
))
("C:\Users\Anders\AppData\Local\Programs\MiKTeX 2.9\tex\generic\pgf\basiclayer\
pgfcore.code.tex"
Package: pgfcore 2010/04/11 v3.0.1a (rcs-revision 1.7)

("C:\Users\Anders\AppData\Local\Programs\MiKTeX 2.9\tex\generic\pgf\math\pgfmat
h.code.tex"
("C:\Users\Anders\AppData\Local\Programs\MiKTeX 2.9\tex\generic\pgf\math\pgfmat
hcalc.code.tex"
("C:\Users\Anders\AppData\Local\Programs\MiKTeX 2.9\tex\generic\pgf\math\pgfmat
hutil.code.tex")
("C:\Users\Anders\AppData\Local\Programs\MiKTeX 2.9\tex\generic\pgf\math\pgfmat
hparser.code.tex"
\pgfmath@dimen=\dimen190
\pgfmath@count=\count307
\pgfmath@box=\box58
\pgfmath@toks=\toks37
\pgfmath@stack@operand=\toks38
\pgfmath@stack@operation=\toks39
)
("C:\Users\Anders\AppData\Local\Programs\MiKTeX 2.9\tex\generic\pgf\math\pgfmat
hfunctions.code.tex"
("C:\Users\Anders\AppData\Local\Programs\MiKTeX 2.9\tex\generic\pgf\math\pgfmat
hfunctions.basic.code.tex")
("C:\Users\Anders\AppData\Local\Programs\MiKTeX 2.9\tex\generic\pgf\math\pgfmat
hfunctions.trigonometric.code.tex")
("C:\Users\Anders\AppData\Local\Programs\MiKTeX 2.9\tex\generic\pgf\math\pgfmat
hfunctions.random.code.tex")
("C:\Users\Anders\AppData\Local\Programs\MiKTeX 2.9\tex\generic\pgf\math\pgfmat
hfunctions.comparison.code.tex")
("C:\Users\Anders\AppData\Local\Programs\MiKTeX 2.9\tex\generic\pgf\math\pgfmat
hfunctions.base.code.tex")
("C:\Users\Anders\AppData\Local\Programs\MiKTeX 2.9\tex\generic\pgf\math\pgfmat
hfunctions.round.code.tex")
("C:\Users\Anders\AppData\Local\Programs\MiKTeX 2.9\tex\generic\pgf\math\pgfmat
hfunctions.misc.code.tex")
("C:\Users\Anders\AppData\Local\Programs\MiKTeX 2.9\tex\generic\pgf\math\pgfmat
hfunctions.integerarithmetics.code.tex")))
("C:\Users\Anders\AppData\Local\Programs\MiKTeX 2.9\tex\generic\pgf\math\pgfmat
hfloat.code.tex"
\c@pgfmathroundto@lastzeros=\count308
))
("C:\Users\Anders\AppData\Local\Programs\MiKTeX 2.9\tex\generic\pgf\basiclayer\
pgfcorepoints.code.tex"
File: pgfcorepoints.code.tex 2013/10/07  (rcs-revision 1.27)
\pgf@picminx=\dimen191
\pgf@picmaxx=\dimen192
\pgf@picminy=\dimen193
\pgf@picmaxy=\dimen194
\pgf@pathminx=\dimen195
\pgf@pathmaxx=\dimen196
\pgf@pathminy=\dimen197
\pgf@pathmaxy=\dimen198
\pgf@xx=\dimen199
\pgf@xy=\dimen256
\pgf@yx=\dimen257
\pgf@yy=\dimen258
\pgf@zx=\dimen259
\pgf@zy=\dimen260
)
("C:\Users\Anders\AppData\Local\Programs\MiKTeX 2.9\tex\generic\pgf\basiclayer\
pgfcorepathconstruct.code.tex"
File: pgfcorepathconstruct.code.tex 2013/10/07  (rcs-revision 1.29)
\pgf@path@lastx=\dimen261
\pgf@path@lasty=\dimen262
)
("C:\Users\Anders\AppData\Local\Programs\MiKTeX 2.9\tex\generic\pgf\basiclayer\
pgfcorepathusage.code.tex"
File: pgfcorepathusage.code.tex 2014/11/02  (rcs-revision 1.24)
\pgf@shorten@end@additional=\dimen263
\pgf@shorten@start@additional=\dimen264
)
("C:\Users\Anders\AppData\Local\Programs\MiKTeX 2.9\tex\generic\pgf\basiclayer\
pgfcorescopes.code.tex"
File: pgfcorescopes.code.tex 2015/05/08  (rcs-revision 1.46)
\pgfpic=\box59
\pgf@hbox=\box60
\pgf@layerbox@main=\box61
\pgf@picture@serial@count=\count309
)
("C:\Users\Anders\AppData\Local\Programs\MiKTeX 2.9\tex\generic\pgf\basiclayer\
pgfcoregraphicstate.code.tex"
File: pgfcoregraphicstate.code.tex 2014/11/02  (rcs-revision 1.12)
\pgflinewidth=\dimen265
)
("C:\Users\Anders\AppData\Local\Programs\MiKTeX 2.9\tex\generic\pgf\basiclayer\
pgfcoretransformations.code.tex"
File: pgfcoretransformations.code.tex 2015/08/07  (rcs-revision 1.20)
\pgf@pt@x=\dimen266
\pgf@pt@y=\dimen267
\pgf@pt@temp=\dimen268
)
("C:\Users\Anders\AppData\Local\Programs\MiKTeX 2.9\tex\generic\pgf\basiclayer\
pgfcorequick.code.tex"
File: pgfcorequick.code.tex 2008/10/09  (rcs-revision 1.3)
)
("C:\Users\Anders\AppData\Local\Programs\MiKTeX 2.9\tex\generic\pgf\basiclayer\
pgfcoreobjects.code.tex"
File: pgfcoreobjects.code.tex 2006/10/11  (rcs-revision 1.2)
)
("C:\Users\Anders\AppData\Local\Programs\MiKTeX 2.9\tex\generic\pgf\basiclayer\
pgfcorepathprocessing.code.tex"
File: pgfcorepathprocessing.code.tex 2013/09/09  (rcs-revision 1.9)
)
("C:\Users\Anders\AppData\Local\Programs\MiKTeX 2.9\tex\generic\pgf\basiclayer\
pgfcorearrows.code.tex"
File: pgfcorearrows.code.tex 2015/05/14  (rcs-revision 1.43)
\pgfarrowsep=\dimen269
)
("C:\Users\Anders\AppData\Local\Programs\MiKTeX 2.9\tex\generic\pgf\basiclayer\
pgfcoreshade.code.tex"
File: pgfcoreshade.code.tex 2013/07/15  (rcs-revision 1.15)
\pgf@max=\dimen270
\pgf@sys@shading@range@num=\count310
)
("C:\Users\Anders\AppData\Local\Programs\MiKTeX 2.9\tex\generic\pgf\basiclayer\
pgfcoreimage.code.tex"
File: pgfcoreimage.code.tex 2013/07/15  (rcs-revision 1.18)

("C:\Users\Anders\AppData\Local\Programs\MiKTeX 2.9\tex\generic\pgf\basiclayer\
pgfcoreexternal.code.tex"
File: pgfcoreexternal.code.tex 2014/07/09  (rcs-revision 1.21)
\pgfexternal@startupbox=\box62
))
("C:\Users\Anders\AppData\Local\Programs\MiKTeX 2.9\tex\generic\pgf\basiclayer\
pgfcorelayers.code.tex"
File: pgfcorelayers.code.tex 2013/07/18  (rcs-revision 1.7)
)
("C:\Users\Anders\AppData\Local\Programs\MiKTeX 2.9\tex\generic\pgf\basiclayer\
pgfcoretransparency.code.tex"
File: pgfcoretransparency.code.tex 2013/09/30  (rcs-revision 1.5)
)
("C:\Users\Anders\AppData\Local\Programs\MiKTeX 2.9\tex\generic\pgf\basiclayer\
pgfcorepatterns.code.tex"
File: pgfcorepatterns.code.tex 2013/11/07  (rcs-revision 1.5)
)))
("C:\Users\Anders\AppData\Local\Programs\MiKTeX 2.9\tex\generic\pgf\modules\pgf
moduleshapes.code.tex"
File: pgfmoduleshapes.code.tex 2014/03/21  (rcs-revision 1.35)
\pgfnodeparttextbox=\box63
)
("C:\Users\Anders\AppData\Local\Programs\MiKTeX 2.9\tex\generic\pgf\modules\pgf
moduleplot.code.tex"
File: pgfmoduleplot.code.tex 2015/08/03  (rcs-revision 1.13)
)
("C:\Users\Anders\AppData\Local\Programs\MiKTeX 2.9\tex\latex\pgf\compatibility
\pgfcomp-version-0-65.sty"
Package: pgfcomp-version-0-65 2007/07/03 v3.0.1a (rcs-revision 1.7)
\pgf@nodesepstart=\dimen271
\pgf@nodesepend=\dimen272
)
("C:\Users\Anders\AppData\Local\Programs\MiKTeX 2.9\tex\latex\pgf\compatibility
\pgfcomp-version-1-18.sty"
Package: pgfcomp-version-1-18 2007/07/23 v3.0.1a (rcs-revision 1.1)
))
("C:\Users\Anders\AppData\Local\Programs\MiKTeX 2.9\tex\latex\pgf\utilities\pgf
for.sty"
("C:\Users\Anders\AppData\Local\Programs\MiKTeX 2.9\tex\latex\pgf\utilities\pgf
keys.sty"
("C:\Users\Anders\AppData\Local\Programs\MiKTeX 2.9\tex\generic\pgf\utilities\p
gfkeys.code.tex"))
("C:\Users\Anders\AppData\Local\Programs\MiKTeX 2.9\tex\latex\pgf\math\pgfmath.
sty"
("C:\Users\Anders\AppData\Local\Programs\MiKTeX 2.9\tex\generic\pgf\math\pgfmat
h.code.tex"))
("C:\Users\Anders\AppData\Local\Programs\MiKTeX 2.9\tex\generic\pgf\utilities\p
gffor.code.tex"
Package: pgffor 2013/12/13 v3.0.1a (rcs-revision 1.25)

("C:\Users\Anders\AppData\Local\Programs\MiKTeX 2.9\tex\generic\pgf\math\pgfmat
h.code.tex")
\pgffor@iter=\dimen273
\pgffor@skip=\dimen274
\pgffor@stack=\toks40
\pgffor@toks=\toks41
))
("C:\Users\Anders\AppData\Local\Programs\MiKTeX 2.9\tex\generic\pgf\frontendlay
er\tikz\tikz.code.tex"
Package: tikz 2015/08/07 v3.0.1a (rcs-revision 1.151)

("C:\Users\Anders\AppData\Local\Programs\MiKTeX 2.9\tex\generic\pgf\libraries\p
gflibraryplothandlers.code.tex"
File: pgflibraryplothandlers.code.tex 2013/08/31 v3.0.1a (rcs-revision 1.20)
\pgf@plot@mark@count=\count311
\pgfplotmarksize=\dimen275
)
\tikz@lastx=\dimen276
\tikz@lasty=\dimen277
\tikz@lastxsaved=\dimen278
\tikz@lastysaved=\dimen279
\tikzleveldistance=\dimen280
\tikzsiblingdistance=\dimen281
\tikz@figbox=\box64
\tikz@figbox@bg=\box65
\tikz@tempbox=\box66
\tikz@tempbox@bg=\box67
\tikztreelevel=\count312
\tikznumberofchildren=\count313
\tikznumberofcurrentchild=\count314
\tikz@fig@count=\count315

("C:\Users\Anders\AppData\Local\Programs\MiKTeX 2.9\tex\generic\pgf\modules\pgf
modulematrix.code.tex"
File: pgfmodulematrix.code.tex 2013/09/17  (rcs-revision 1.8)
\pgfmatrixcurrentrow=\count316
\pgfmatrixcurrentcolumn=\count317
\pgf@matrix@numberofcolumns=\count318
)
\tikz@expandcount=\count319

("C:\Users\Anders\AppData\Local\Programs\MiKTeX 2.9\tex\generic\pgf\frontendlay
er\tikz\libraries\tikzlibrarytopaths.code.tex"
File: tikzlibrarytopaths.code.tex 2008/06/17 v3.0.1a (rcs-revision 1.2)
)))
("C:\Users\Anders\AppData\Local\Programs\MiKTeX 2.9\tex\generic\pgf\frontendlay
er\tikz\libraries\tikzlibrarypositioning.code.tex"
File: tikzlibrarypositioning.code.tex 2008/10/06 v3.0.1a (rcs-revision 1.7)
)
\c@@todonotes@numberoftodonotes=\count320
)
("C:\Users\Anders\AppData\Local\Programs\MiKTeX 2.9\tex\latex\booktabs\booktabs
.sty"
Package: booktabs 2005/04/14 v1.61803 publication quality tables
\heavyrulewidth=\dimen282
\lightrulewidth=\dimen283
\cmidrulewidth=\dimen284
\belowrulesep=\dimen285
\belowbottomsep=\dimen286
\aboverulesep=\dimen287
\abovetopsep=\dimen288
\cmidrulesep=\dimen289
\cmidrulekern=\dimen290
\defaultaddspace=\dimen291
\@cmidla=\count321
\@cmidlb=\count322
\@aboverulesep=\dimen292
\@belowrulesep=\dimen293
\@thisruleclass=\count323
\@lastruleclass=\count324
\@thisrulewidth=\dimen294
)
("C:\Users\Anders\AppData\Local\Programs\MiKTeX 2.9\tex\latex\graphics\lscape.s
ty"
Package: lscape 2000/10/22 v3.01 Landscape Pages (DPC)
)
("C:\Users\Anders\AppData\Local\Programs\MiKTeX 2.9\tex\latex\blindtext\blindte
xt.sty"
Package: blindtext 2012/01/06 V2.0 blindtext-Package

("C:\Users\Anders\AppData\Local\Programs\MiKTeX 2.9\tex\latex\tools\xspace.sty"
Package: xspace 2014/10/28 v1.13 Space after command names (DPC,MH)
)
\c@blindtext=\count325
\c@Blindtext=\count326
\c@blind@countparstart=\count327
\blind@countxx=\count328
\blindtext@numBlindtext=\count329
\blind@countyy=\count330
\c@blindlist=\count331
\c@blindlistlevel=\count332
\c@blindlist@level=\count333
\blind@listitem=\count334
\c@blind@listcount=\count335
\c@blind@levelcount=\count336
\blind@mathformula=\count337
\blind@Mathformula=\count338
\c@blind@randomcount=\count339
\c@blind@randommax=\count340
\c@blind@pangramcount=\count341
\c@blind@pangrammax=\count342
)
("C:\Users\Anders\AppData\Local\Programs\MiKTeX 2.9\tex\latex\wrapfig\wrapfig.s
ty"
\wrapoverhang=\dimen295
\WF@size=\dimen296
\c@WF@wrappedlines=\count343
\WF@box=\box68
\WF@everypar=\toks42
Package: wrapfig 2003/01/31  v 3.6
)
("C:\Users\Anders\AppData\Local\Programs\MiKTeX 2.9\tex\latex\romannum\romannum
.sty"
Package: romannum 2009/09/03 v1.0b roman numerals

("C:\Users\Anders\AppData\Local\Programs\MiKTeX 2.9\tex\latex\stdclsdv\stdclsdv
.sty"
Package: stdclsdv 2009/09/04 v1.1a Sectional divisions
))
("C:\Users\Anders\AppData\Local\Programs\MiKTeX 2.9\tex\latex\standalone\standa
lone.sty"
Package: standalone 2018/03/26 v1.3a Package to include TeX sub-files with prea
mbles

("C:\Users\Anders\AppData\Local\Programs\MiKTeX 2.9\tex\latex\tools\shellesc.st
y"
Package: shellesc 2016/06/07 v0.02a unified shell escape interface for LaTeX
Package shellesc Info: Restricted shell escape enabled on input line 69.
)
("C:\Users\Anders\AppData\Local\Programs\MiKTeX 2.9\tex\latex\currfile\currfile
.sty"
Package: currfile 2015/04/23 v0.7c Provides the file path elements of the curre
nt input file

("C:\Users\Anders\AppData\Local\Programs\MiKTeX 2.9\tex\latex\filehook\filehook
.sty"
Package: filehook 2011/10/12 v0.5d Hooks for input files

("C:\Users\Anders\AppData\Local\Programs\MiKTeX 2.9\tex\latex\filehook\filehook
-scrlfile.sty"
Package: filehook-scrlfile 2011/01/03 v0.1 filehook patch for scrlfile package
Package filehook Info: Package 'scrlfile' detected and compensated for on input
 line 102.
))
\c@currfiledepth=\count344
)
("C:\Users\Anders\AppData\Local\Programs\MiKTeX 2.9\tex\latex\gincltex\gincltex
.sty"
("C:\Users\Anders\AppData\Local\Programs\MiKTeX 2.9\tex\latex\svn-prov\svn-prov
.sty"
Package: svn-prov 2010/04/24 v3.1862 Package Date/Version from SVN Keywords
)
Package: gincltex 2011/09/04 v0.3 Include external LaTeX files like graphics

("C:\Users\Anders\AppData\Local\Programs\MiKTeX 2.9\tex\latex\adjustbox\adjustb
ox.sty"
Package: adjustbox 2018/04/08 v1.1 Adjusting TeX boxes (trim, clip, ...)

("C:\Users\Anders\AppData\Local\Programs\MiKTeX 2.9\tex\latex\adjustbox\adjcalc
.sty"
Package: adjcalc 2012/05/16 v1.1 Provides advanced setlength with multiple back
-ends (calc, etex, pgfmath)
)
("C:\Users\Anders\AppData\Local\Programs\MiKTeX 2.9\tex\latex\adjustbox\trimcli
p.sty"
Package: trimclip 2018/04/08 v1.1 Trim and clip general TeX material

("C:\Users\Anders\AppData\Local\Programs\MiKTeX 2.9\tex\latex\collectbox\collec
tbox.sty"
Package: collectbox 2012/05/17 v0.4b Collect macro arguments as boxes
\collectedbox=\box69
)
\tc@llx=\dimen297
\tc@lly=\dimen298
\tc@urx=\dimen299
\tc@ury=\dimen300
Package trimclip Info: Using driver 'tc-pdftex.def'.

("C:\Users\Anders\AppData\Local\Programs\MiKTeX 2.9\tex\latex\adjustbox\tc-pdft
ex.def"
File: tc-pdftex.def 2018/04/08 v2.1 Clipping driver for pdftex
))
\adjbox@Width=\dimen301
\adjbox@Height=\dimen302
\adjbox@Depth=\dimen303
\adjbox@Totalheight=\dimen304
\adjbox@pwidth=\dimen305
\adjbox@pheight=\dimen306
\adjbox@pdepth=\dimen307
\adjbox@ptotalheight=\dimen308

("C:\Users\Anders\AppData\Local\Programs\MiKTeX 2.9\tex\latex\ifoddpage\ifoddpa
ge.sty"
Package: ifoddpage 2016/04/23 v1.1 Conditionals for odd/even page detection
\c@checkoddpage=\count345
)
("C:\Users\Anders\AppData\Local\Programs\MiKTeX 2.9\tex\latex\varwidth\varwidth
.sty"
Package: varwidth 2009/03/30 ver 0.92;  Variable-width minipages
\@vwid@box=\box70
\sift@deathcycles=\count346
\@vwid@loff=\dimen309
\@vwid@roff=\dimen310
))
\gincltex@box=\box71
)
("C:\Users\Anders\AppData\Local\Programs\MiKTeX 2.9\tex\latex\filemod\filemod-e
xpmin.sty"
Package: filemod-expmin 2011/09/19 v1.2 Get and compare file modification times
 (expandable; minimal)
))
("C:\Users\Anders\AppData\Local\Programs\MiKTeX 2.9\tex\latex\circuitikz\circui
tikz.sty"
Package: circuitikz 2017/05/28{} The CircuiTikz circuit drawing package version
 0.8.3

("C:\Users\Anders\AppData\Local\Programs\MiKTeX 2.9\tex\generic\pgf\frontendlay
er\tikz\libraries\tikzlibrarycalc.code.tex"
File: tikzlibrarycalc.code.tex 2013/07/15 v3.0.1a (rcs-revision 1.9)
)
("C:\Users\Anders\AppData\Local\Programs\MiKTeX 2.9\tex\generic\pgf\libraries\p
gflibraryarrows.code.tex"
File: pgflibraryarrows.code.tex 2013/09/23 v3.0.1a (rcs-revision 1.16)
\arrowsize=\dimen311
)
("C:\Users\Anders\AppData\Local\Programs\MiKTeX 2.9\tex\generic\circuitikz\pgfc
irc.defines.tex"
\pgf@circ@res@up=\dimen312
\pgf@circ@res@down=\dimen313
\pgf@circ@res@zero=\dimen314
\pgf@circ@res@left=\dimen315
\pgf@circ@res@right=\dimen316
\pgf@circ@res@other=\dimen317
\pgf@circ@res@step=\dimen318
\pgf@circ@res@temp=\dimen319
\pgfstartlinewidth=\dimen320
\pgf@circ@Rlen=\dimen321
)
("C:\Users\Anders\AppData\Local\Programs\MiKTeX 2.9\tex\generic\circuitikz\pgfc
ircutils.tex")
("C:\Users\Anders\AppData\Local\Programs\MiKTeX 2.9\tex\generic\circuitikz\pgfc
ircshapes.tex")
("C:\Users\Anders\AppData\Local\Programs\MiKTeX 2.9\tex\generic\circuitikz\pgfc
ircmonopoles.tex")
("C:\Users\Anders\AppData\Local\Programs\MiKTeX 2.9\tex\generic\circuitikz\pgfc
ircbipoles.tex")
("C:\Users\Anders\AppData\Local\Programs\MiKTeX 2.9\tex\generic\circuitikz\pgfc
irctripoles.tex")
("C:\Users\Anders\AppData\Local\Programs\MiKTeX 2.9\tex\generic\circuitikz\pgfc
ircquadpoles.tex")
("C:\Users\Anders\AppData\Local\Programs\MiKTeX 2.9\tex\generic\circuitikz\pgfc
irclabel.tex")
("C:\Users\Anders\AppData\Local\Programs\MiKTeX 2.9\tex\generic\circuitikz\pgfc
ircvoltage.tex")
("C:\Users\Anders\AppData\Local\Programs\MiKTeX 2.9\tex\generic\circuitikz\pgfc
irccurrent.tex")
("C:\Users\Anders\AppData\Local\Programs\MiKTeX 2.9\tex\generic\circuitikz\pgfc
ircflow.tex")
("C:\Users\Anders\AppData\Local\Programs\MiKTeX 2.9\tex\generic\circuitikz\pgfc
ircpath.tex"))
("C:\Users\Anders\AppData\Local\Programs\MiKTeX 2.9\tex\generic\pgf\frontendlay
er\tikz\libraries\tikzlibraryarrows.code.tex"
File: tikzlibraryarrows.code.tex 2008/01/09 v3.0.1a (rcs-revision 1.1)
)
("C:\Users\Anders\AppData\Local\Programs\MiKTeX 2.9\tex\generic\pgf\frontendlay
er\tikz\libraries\tikzlibraryintersections.code.tex"
("C:\Users\Anders\AppData\Local\Programs\MiKTeX 2.9\tex\generic\pgf\libraries\p
gflibraryintersections.code.tex"
("C:\Users\Anders\AppData\Local\Programs\MiKTeX 2.9\tex\generic\pgf\libraries\p
gflibraryfpu.code.tex")
\pgf@intersect@solutions=\count347
))
("C:\Users\Anders\AppData\Local\Programs\MiKTeX 2.9\tex\latex\amsmath\amsmath.s
ty"
Package: amsmath 2017/09/02 v2.17a AMS math features
\@mathmargin=\skip75

For additional information on amsmath, use the `?' option.

("C:\Users\Anders\AppData\Local\Programs\MiKTeX 2.9\tex\latex\amsmath\amsbsy.st
y"
Package: amsbsy 1999/11/29 v1.2d Bold Symbols
\pmbraise@=\dimen322
)
("C:\Users\Anders\AppData\Local\Programs\MiKTeX 2.9\tex\latex\amsmath\amsopn.st
y"
Package: amsopn 2016/03/08 v2.02 operator names
)
\inf@bad=\count348
LaTeX Info: Redefining \frac on input line 213.
\uproot@=\count349
\leftroot@=\count350
LaTeX Info: Redefining \overline on input line 375.
\classnum@=\count351
\DOTSCASE@=\count352
LaTeX Info: Redefining \ldots on input line 472.
LaTeX Info: Redefining \dots on input line 475.
LaTeX Info: Redefining \cdots on input line 596.
\Mathstrutbox@=\box72
\strutbox@=\box73
\big@size=\dimen323
LaTeX Font Info:    Redeclaring font encoding OML on input line 712.
LaTeX Font Info:    Redeclaring font encoding OMS on input line 713.
\macc@depth=\count353
\c@MaxMatrixCols=\count354
\dotsspace@=\muskip17
\c@parentequation=\count355
\dspbrk@lvl=\count356
\tag@help=\toks43
\row@=\count357
\column@=\count358
\maxfields@=\count359
\andhelp@=\toks44
\eqnshift@=\dimen324
\alignsep@=\dimen325
\tagshift@=\dimen326
\tagwidth@=\dimen327
\totwidth@=\dimen328
\lineht@=\dimen329
\@envbody=\toks45
\multlinegap=\skip76
\multlinetaggap=\skip77
\mathdisplay@stack=\toks46
LaTeX Info: Redefining \[ on input line 2817.
LaTeX Info: Redefining \] on input line 2818.
)
("C:\Users\Anders\AppData\Local\Programs\MiKTeX 2.9\tex\latex\tools\tabularx.st
y"
Package: tabularx 2016/02/03 v2.11b `tabularx' package (DPC)
\TX@col@width=\dimen330
\TX@old@table=\dimen331
\TX@old@col=\dimen332
\TX@target=\dimen333
\TX@delta=\dimen334
\TX@cols=\count360
\TX@ftn=\toks47
)
("C:\Users\Anders\AppData\Local\Programs\MiKTeX 2.9\tex\latex\multirow\multirow
.sty"
Package: multirow 2018/08/03 v2.3 Span multiple rows of a table
\multirow@colwidth=\skip78
\multirow@cntb=\count361
\multirow@dima=\skip79
\bigstrutjot=\dimen335
)
("C:\Users\Anders\AppData\Local\Programs\MiKTeX 2.9\tex\latex\tools\multicol.st
y"
Package: multicol 2018/04/20 v1.8s multicolumn formatting (FMi)
\c@tracingmulticols=\count362
\mult@box=\box74
\multicol@leftmargin=\dimen336
\c@unbalance=\count363
\c@collectmore=\count364
\doublecol@number=\count365
\multicoltolerance=\count366
\multicolpretolerance=\count367
\full@width=\dimen337
\page@free=\dimen338
\premulticols=\dimen339
\postmulticols=\dimen340
\multicolsep=\skip80
\multicolbaselineskip=\skip81
\partial@page=\box75
\last@line=\box76
\maxbalancingoverflow=\dimen341
\mult@rightbox=\box77
\mult@grightbox=\box78
\mult@gfirstbox=\box79
\mult@firstbox=\box80
\@tempa=\box81
\@tempa=\box82
\@tempa=\box83
\@tempa=\box84
\@tempa=\box85
\@tempa=\box86
\@tempa=\box87
\@tempa=\box88
\@tempa=\box89
\@tempa=\box90
\@tempa=\box91
\@tempa=\box92
\@tempa=\box93
\@tempa=\box94
\@tempa=\box95
\@tempa=\box96
\@tempa=\box97
\c@columnbadness=\count368
\c@finalcolumnbadness=\count369
\last@try=\dimen342
\multicolovershoot=\dimen343
\multicolundershoot=\dimen344
\mult@nat@firstbox=\box98
\colbreak@box=\box99
\mc@col@check@num=\count370
)
("C:\Users\Anders\AppData\Local\Programs\MiKTeX 2.9\tex\latex\pdfpages\pdfpages
.sty"
Package: pdfpages 2017/10/31 v0.5l Insert pages of external PDF documents (AM)

("C:\Users\Anders\AppData\Local\Programs\MiKTeX 2.9\tex\latex\eso-pic\eso-pic.s
ty"
Package: eso-pic 2018/04/12 v2.0h eso-pic (RN)
)
\AM@pagewidth=\dimen345
\AM@pageheight=\dimen346

("C:\Users\Anders\AppData\Local\Programs\MiKTeX 2.9\tex\latex\pdfpages\pppdftex
.def"
File: pppdftex.def 2017/10/31 v0.5l Pdfpages driver for pdfTeX (AM)
)
\AM@pagebox=\box100
\AM@global@opts=\toks48
\AM@toc@title=\toks49
\c@AM@survey=\count371
\AM@templatesizebox=\box101
)
("C:\Users\Anders\AppData\Local\Programs\MiKTeX 2.9\tex\latex\oberdiek\pdflscap
e.sty"
Package: pdflscape 2016/05/14 v0.11 Display of landscape pages in PDF (HO)
Package pdflscape Info: Auto-detected driver: pdftex on input line 81.
)
("C:\Users\Anders\AppData\Local\Programs\MiKTeX 2.9\tex\latex\subfig\subfig.sty
"
Package: subfig 2005/06/28 ver: 1.3 subfig package
\c@KVtest=\count372
\sf@farskip=\skip82
\sf@captopadj=\dimen347
\sf@capskip=\skip83
\sf@nearskip=\skip84
\c@subfigure=\count373
\c@subfigure@save=\count374
\c@lofdepth=\count375
\c@subtable=\count376
\c@subtable@save=\count377
\c@lotdepth=\count378
\sf@top=\skip85
\sf@bottom=\skip86
)
("C:\Users\Anders\AppData\Local\Programs\MiKTeX 2.9\tex\latex\biblatex\biblatex
.sty"
Package: biblatex 2018/03/04 v3.11 programmable bibliographies (PK/MW)

("C:\Users\Anders\AppData\Local\Programs\MiKTeX 2.9\tex\latex\logreq\logreq.sty
"
Package: logreq 2010/08/04 v1.0 xml request logger
\lrq@indent=\count379

("C:\Users\Anders\AppData\Local\Programs\MiKTeX 2.9\tex\latex\logreq\logreq.def
"
File: logreq.def 2010/08/04 v1.0 logreq spec v1.0
))
("C:\Users\Anders\AppData\Local\Programs\MiKTeX 2.9\tex\latex\xstring\xstring.s
ty"
("C:\Users\Anders\AppData\Local\Programs\MiKTeX 2.9\tex\generic\xstring\xstring
.tex"
\@xs@message=\write4
\integerpart=\count380
\decimalpart=\count381
)
Package: xstring 2013/10/13  v1.7c  String manipulations (C Tellechea)
)
\c@tabx@nest=\count382
\c@listtotal=\count383
\c@listcount=\count384
\c@liststart=\count385
\c@liststop=\count386
\c@citecount=\count387
\c@citetotal=\count388
\c@multicitecount=\count389
\c@multicitetotal=\count390
\c@instcount=\count391
\c@maxnames=\count392
\c@minnames=\count393
\c@maxitems=\count394
\c@minitems=\count395
\c@citecounter=\count396
\c@savedcitecounter=\count397
\c@uniquelist=\count398
\c@uniquename=\count399
\c@refsection=\count400
\c@refsegment=\count401
\c@maxextratitle=\count402
\c@maxextratitleyear=\count403
\c@maxextradate=\count404
\c@maxextraalpha=\count405
\c@abbrvpenalty=\count406
\c@highnamepenalty=\count407
\c@lownamepenalty=\count408
\c@maxparens=\count409
\c@parenlevel=\count410
\blx@tempcnta=\count411
\blx@tempcntb=\count412
\blx@tempcntc=\count413
\blx@maxsection=\count414
\blx@maxsegment@0=\count415
\blx@notetype=\count416
\blx@parenlevel@text=\count417
\blx@parenlevel@foot=\count418
\blx@sectionciteorder@0=\count419
\labelnumberwidth=\skip87
\labelalphawidth=\skip88
\biblabelsep=\skip89
\bibitemsep=\skip90
\bibnamesep=\skip91
\bibinitsep=\skip92
\bibparsep=\skip93
\bibhang=\skip94
\blx@bcfin=\read4
\blx@bcfout=\write5
\c@mincomprange=\count420
\c@maxcomprange=\count421
\c@mincompwidth=\count422
Package biblatex Info: Trying to load biblatex default data model...
Package biblatex Info: ... file 'blx-dm.def' found.

("C:\Users\Anders\AppData\Local\Programs\MiKTeX 2.9\tex\latex\biblatex\blx-dm.d
ef"
File: blx-dm.def 2018/03/04 v3.11 biblatex localization (PK/MW)
)
Package biblatex Info: Trying to load biblatex style data model...
Package biblatex Info: ... file 'ieee.dbx' not found.
Package biblatex Info: Trying to load biblatex custom data model...
Package biblatex Info: ... file 'biblatex-dm.cfg' not found.
\c@afterword=\count423
\c@savedafterword=\count424
\c@annotator=\count425
\c@savedannotator=\count426
\c@author=\count427
\c@savedauthor=\count428
\c@bookauthor=\count429
\c@savedbookauthor=\count430
\c@commentator=\count431
\c@savedcommentator=\count432
\c@editor=\count433
\c@savededitor=\count434
\c@editora=\count435
\c@savededitora=\count436
\c@editorb=\count437
\c@savededitorb=\count438
\c@editorc=\count439
\c@savededitorc=\count440
\c@foreword=\count441
\c@savedforeword=\count442
\c@holder=\count443
\c@savedholder=\count444
\c@introduction=\count445
\c@savedintroduction=\count446
\c@namea=\count447
\c@savednamea=\count448
\c@nameb=\count449
\c@savednameb=\count450
\c@namec=\count451
\c@savednamec=\count452
\c@translator=\count453
\c@savedtranslator=\count454
\c@shortauthor=\count455
\c@savedshortauthor=\count456
\c@shorteditor=\count457
\c@savedshorteditor=\count458
\c@labelname=\count459
\c@savedlabelname=\count460
\c@institution=\count461
\c@savedinstitution=\count462
\c@lista=\count463
\c@savedlista=\count464
\c@listb=\count465
\c@savedlistb=\count466
\c@listc=\count467
\c@savedlistc=\count468
\c@listd=\count469
\c@savedlistd=\count470
\c@liste=\count471
\c@savedliste=\count472
\c@listf=\count473
\c@savedlistf=\count474
\c@location=\count475
\c@savedlocation=\count476
\c@organization=\count477
\c@savedorganization=\count478
\c@origlocation=\count479
\c@savedoriglocation=\count480
\c@origpublisher=\count481
\c@savedorigpublisher=\count482
\c@publisher=\count483
\c@savedpublisher=\count484
\c@language=\count485
\c@savedlanguage=\count486
\c@origlanguage=\count487
\c@savedoriglanguage=\count488
\c@pageref=\count489
\c@savedpageref=\count490
\shorthandwidth=\skip95
\shortjournalwidth=\skip96
\shortserieswidth=\skip97
\shorttitlewidth=\skip98
\shortauthorwidth=\skip99
\shorteditorwidth=\skip100
\locallabelnumberwidth=\skip101
\locallabelalphawidth=\skip102
\localshorthandwidth=\skip103
\localshortjournalwidth=\skip104
\localshortserieswidth=\skip105
\localshorttitlewidth=\skip106
\localshortauthorwidth=\skip107
\localshorteditorwidth=\skip108
Package biblatex Info: Trying to load compatibility code...
Package biblatex Info: ... file 'blx-compat.def' found.

("C:\Users\Anders\AppData\Local\Programs\MiKTeX 2.9\tex\latex\biblatex\blx-comp
at.def"
File: blx-compat.def 2018/03/04 v3.11 biblatex compatibility (PK/MW)
)
Package biblatex Info: Trying to load generic definitions...
Package biblatex Info: ... file 'biblatex.def' found.

("C:\Users\Anders\AppData\Local\Programs\MiKTeX 2.9\tex\latex\biblatex\biblatex
.def"
File: biblatex.def 2018/03/04 v3.11 biblatex compatibility (PK/MW)
\c@textcitecount=\count491
\c@textcitetotal=\count492
\c@textcitemaxnames=\count493
\c@biburlnumpenalty=\count494
\c@biburlucpenalty=\count495
\c@biburllcpenalty=\count496
\c@smartand=\count497
)
Package biblatex Info: Trying to load bibliography style 'ieee'...
Package biblatex Info: ... file 'ieee.bbx' found.

("C:\Users\Anders\AppData\Local\Programs\MiKTeX 2.9\tex\latex\biblatex-ieee\iee
e.bbx"
File: ieee.bbx 2018/08/20 v1.3 biblatex bibliography style
Package biblatex Info: Trying to load bibliography style 'numeric-comp'...
Package biblatex Info: ... file 'numeric-comp.bbx' found.

("C:\Users\Anders\AppData\Local\Programs\MiKTeX 2.9\tex\latex\biblatex\bbx\nume
ric-comp.bbx"
File: numeric-comp.bbx 2018/03/04 v3.11 biblatex bibliography style (PK/MW)
Package biblatex Info: Trying to load bibliography style 'numeric'...
Package biblatex Info: ... file 'numeric.bbx' found.

("C:\Users\Anders\AppData\Local\Programs\MiKTeX 2.9\tex\latex\biblatex\bbx\nume
ric.bbx"
File: numeric.bbx 2018/03/04 v3.11 biblatex bibliography style (PK/MW)
Package biblatex Info: Trying to load bibliography style 'standard'...
Package biblatex Info: ... file 'standard.bbx' found.

("C:\Users\Anders\AppData\Local\Programs\MiKTeX 2.9\tex\latex\biblatex\bbx\stan
dard.bbx"
File: standard.bbx 2018/03/04 v3.11 biblatex bibliography style (PK/MW)
\c@bbx:relatedcount=\count498
\c@bbx:relatedtotal=\count499
))))
Package biblatex Info: Trying to load citation style 'ieee'...
Package biblatex Info: ... file 'ieee.cbx' found.

("C:\Users\Anders\AppData\Local\Programs\MiKTeX 2.9\tex\latex\biblatex-ieee\iee
e.cbx"
File: ieee.cbx 2018/08/20 v1.3 biblatex citation style
Package biblatex Info: Trying to load citation style 'numeric-comp'...
Package biblatex Info: ... file 'numeric-comp.cbx' found.

("C:\Users\Anders\AppData\Local\Programs\MiKTeX 2.9\tex\latex\biblatex\cbx\nume
ric-comp.cbx"
File: numeric-comp.cbx 2018/03/04 v3.11 biblatex citation style (PK/MW)
\c@cbx@tempcnta=\count500
\c@cbx@tempcntb=\count501
Package biblatex Info: Redefining '\cite'.
Package biblatex Info: Redefining '\parencite'.
Package biblatex Info: Redefining '\footcite'.
Package biblatex Info: Redefining '\footcitetext'.
Package biblatex Info: Redefining '\smartcite'.
Package biblatex Info: Redefining '\supercite'.
Package biblatex Info: Redefining '\textcite'.
Package biblatex Info: Redefining '\textcites'.
Package biblatex Info: Redefining '\cites'.
Package biblatex Info: Redefining '\parencites'.
Package biblatex Info: Redefining '\smartcites'.
)
Package biblatex Info: Redefining '\cite'.
Package biblatex Info: Redefining '\cites'.
)
Package biblatex Info: Trying to load configuration file...
Package biblatex Info: ... file 'biblatex.cfg' found.

("C:\Users\Anders\AppData\Local\Programs\MiKTeX 2.9\tex\latex\biblatex\biblatex
.cfg"
File: biblatex.cfg 
))
("C:\Users\Anders\AppData\Local\Programs\MiKTeX 2.9\tex\latex\listings\lstlang1
.sty"
File: lstlang1.sty 2018/09/02 1.7 listings language file
))
Package csquotes Info: Checking for multilingual support...
Package csquotes Info: ... found 'babel' package.
Package csquotes Info: Adjusting default style.
Package csquotes Info: Redefining alias 'default' -> 'ngerman'.


Package biblatex Warning: File 'ngerman-ieee.lbx' not found!
(biblatex)                Ignoring mapping 'ngerman' -> 'ngerman-ieee'.

Package biblatex Info: Trying to load language 'ngerman'...
Package biblatex Info: ... file 'ngerman.lbx' found.

("C:\Users\Anders\AppData\Local\Programs\MiKTeX 2.9\tex\latex\biblatex\lbx\nger
man.lbx"
File: ngerman.lbx 2018/03/04 v3.11 biblatex localization (PK/MW)


Package biblatex Warning: File 'german-ieee.lbx' not found!
(biblatex)                Ignoring mapping 'german' -> 'german-ieee'.

Package biblatex Info: Trying to load language 'german'...
Package biblatex Info: ... file 'german.lbx' found.

("C:\Users\Anders\AppData\Local\Programs\MiKTeX 2.9\tex\latex\biblatex\lbx\germ
an.lbx"
File: german.lbx 2018/03/04 v3.11 biblatex localization (PK/MW)
)
Package biblatex Info: Trying to load language 'german'...
Package biblatex Info: ... file 'german.lbx' found.

("C:\Users\Anders\AppData\Local\Programs\MiKTeX 2.9\tex\latex\biblatex\lbx\germ
an.lbx"
File: german.lbx 2018/03/04 v3.11 biblatex localization (PK/MW)
))

Package biblatex Warning: File 'english-ieee.lbx' not found!
(biblatex)                Ignoring mapping 'english' -> 'english-ieee'.

Package biblatex Info: Trying to load language 'english'...
Package biblatex Info: ... file 'english.lbx' found.

("C:\Users\Anders\AppData\Local\Programs\MiKTeX 2.9\tex\latex\biblatex\lbx\engl
ish.lbx"
File: english.lbx 2018/03/04 v3.11 biblatex localization (PK/MW)
) (Fachbericht.aux (sections/abstract.aux)
(sections/einleitend/Einleitung.aux)
(sections/einleitend/Auftragsbeschreibung.aux) (sections/einleitend/Ziele.aux)
(sections/einleitend/Konzept.aux) (sections/hardware/MCU.aux)
(sections/hardware/RTC.aux) (sections/hardware/Sensoren.aux)
(sections/hardware/Datenspeicherung.aux)
(sections/hardware/Kommunikationsmodule.aux)
(sections/hardware/Energieversorgung.aux) (sections/hardware/PCB.aux)
(sections/abschliessend/Konzeptvalidierung.aux)
(sections/abschliessend/Schluss.aux) (sections/Authentizitaetserklaerung.aux)
(sections/appendix.aux))
\openout1 = `Fachbericht.aux'.

LaTeX Font Info:    Checking defaults for OML/cmm/m/it on input line 12.
LaTeX Font Info:    ... okay on input line 12.
LaTeX Font Info:    Checking defaults for T1/cmr/m/n on input line 12.
LaTeX Font Info:    ... okay on input line 12.
LaTeX Font Info:    Checking defaults for OT1/cmr/m/n on input line 12.
LaTeX Font Info:    ... okay on input line 12.
LaTeX Font Info:    Checking defaults for OMS/cmsy/m/n on input line 12.
LaTeX Font Info:    ... okay on input line 12.
LaTeX Font Info:    Checking defaults for OMX/cmex/m/n on input line 12.
LaTeX Font Info:    ... okay on input line 12.
LaTeX Font Info:    Checking defaults for U/cmr/m/n on input line 12.
LaTeX Font Info:    ... okay on input line 12.
LaTeX Font Info:    Checking defaults for PD1/pdf/m/n on input line 12.
LaTeX Font Info:    ... okay on input line 12.
LaTeX Font Info:    Checking defaults for TS1/cmr/m/n on input line 12.
LaTeX Font Info:    Try loading font information for TS1+cmr on input line 12.

("C:\Users\Anders\AppData\Local\Programs\MiKTeX 2.9\tex\latex\base\ts1cmr.fd"
File: ts1cmr.fd 2014/09/29 v2.5h Standard LaTeX font definitions
)
LaTeX Font Info:    ... okay on input line 12.
LaTeX Font Info:    Try loading font information for T1+lmr on input line 12.

("C:\Users\Anders\AppData\Local\Programs\MiKTeX 2.9\tex\latex\lm\t1lmr.fd"
File: t1lmr.fd 2009/10/30 v1.6 Font defs for Latin Modern
)
Package tocbasic Info: usage of `tocbibind' detected on input line 12.


Package tocbasic Warning: `tocbibind' redefinition of `\listoffigures'
(tocbasic)                detected.
(tocbasic)                Note: Loading `tocbibind' without option `notlof'
(tocbasic)                can break several features of `tocbasic'.


Package tocbasic Warning: `tocbibind' redefinition of `\listoftables'
(tocbasic)                detected.
(tocbasic)                Note: Loading `tocbibind' without option `notlot'
(tocbasic)                can break several features of `tocbasic'.

*geometry* driver: auto-detecting
*geometry* detected driver: pdftex
*geometry* verbose mode - [ preamble ] result:
* driver: pdftex
* paper: a4paper
* layout: <same size as paper>
* layoutoffset:(h,v)=(0.0pt,0.0pt)
* modes: twoside 
* h-part:(L,W,R)=(71.13191pt, 455.24408pt, 71.13188pt)
* v-part:(T,H,B)=(91.04881pt, 685.71141pt, 68.28662pt)
* \paperwidth=597.50787pt
* \paperheight=845.04684pt
* \textwidth=455.24408pt
* \textheight=685.71141pt
* \oddsidemargin=-1.13808pt
* \evensidemargin=-1.1381pt
* \topmargin=-35.20975pt
* \headheight=17.0pt
* \headsep=36.98857pt
* \topskip=11.0pt
* \footskip=54.06023pt
* \marginparwidth=56.9055pt
* \marginparsep=12.8401pt
* \columnsep=10.0pt
* \skip\footins=10.0pt plus 4.0pt minus 2.0pt
* \hoffset=0.0pt
* \voffset=0.0pt
* \mag=1000
* \@twocolumnfalse
* \@twosidetrue
* \@mparswitchtrue
* \@reversemarginfalse
* (1in=72.27pt=25.4mm, 1cm=28.453pt)


("C:\Users\Anders\AppData\Local\Programs\MiKTeX 2.9\tex\context\base\supp-pdf.m
kii"
[Loading MPS to PDF converter (version 2006.09.02).]
\scratchcounter=\count502
\scratchdimen=\dimen348
\scratchbox=\box102
\nofMPsegments=\count503
\nofMParguments=\count504
\everyMPshowfont=\toks50
\MPscratchCnt=\count505
\MPscratchDim=\dimen349
\MPnumerator=\count506
\makeMPintoPDFobject=\count507
\everyMPtoPDFconversion=\toks51
)
("C:\Users\Anders\AppData\Local\Programs\MiKTeX 2.9\tex\latex\oberdiek\epstopdf
-base.sty"
Package: epstopdf-base 2016/05/15 v2.6 Base part for package epstopdf

("C:\Users\Anders\AppData\Local\Programs\MiKTeX 2.9\tex\latex\oberdiek\grfext.s
ty"
Package: grfext 2016/05/16 v1.2 Manage graphics extensions (HO)
)
Package epstopdf-base Info: Redefining graphics rule for `.eps' on input line 4
38.
Package grfext Info: Graphics extension search list:
(grfext)             [.pdf,.png,.jpg,.mps,.jpeg,.jbig2,.jb2,.PDF,.PNG,.JPG,.JPE
G,.JBIG2,.JB2,.eps]
(grfext)             \AppendGraphicsExtensions on input line 456.
)
\AtBeginShipoutBox=\box103
Package hyperref Info: Link coloring OFF on input line 12.

("C:\Users\Anders\AppData\Local\Programs\MiKTeX 2.9\tex\latex\hyperref\nameref.
sty"
Package: nameref 2016/05/21 v2.44 Cross-referencing by name of section

("C:\Users\Anders\AppData\Local\Programs\MiKTeX 2.9\tex\generic\oberdiek\gettit
lestring.sty"
Package: gettitlestring 2016/05/16 v1.5 Cleanup title references (HO)
)
\c@section@level=\count508
)
LaTeX Info: Redefining \ref on input line 12.
LaTeX Info: Redefining \pageref on input line 12.
LaTeX Info: Redefining \nameref on input line 12.
 (Fachbericht.out) (Fachbericht.out)
\@outlinefile=\write6
\openout6 = `Fachbericht.out'.

Package caption Info: Begin \AtBeginDocument code.
Package caption Info: subfig package v1.3 is loaded.
Package caption Info: float package is loaded.
Package caption Info: listings package is loaded.
Package caption Info: wrapfig package is loaded.
Package caption Info: End \AtBeginDocument code.

("C:\Users\Anders\AppData\Local\Programs\MiKTeX 2.9\tex\latex\translator\transl
ator-basic-dictionary-English.dict"
Dictionary: translator-basic-dictionary, Language: English 
)
("C:\Users\Anders\AppData\Local\Programs\MiKTeX 2.9\tex\latex\siunitx\siunitx-a
bbreviations.cfg"
File: siunitx-abbreviations.cfg 2017/11/26 v2.7k siunitx: Abbreviated units
)
\c@lstlisting=\count509
 ABD: EveryShipout initializing macros
Package biblatex Info: Input encoding 'utf8' detected.
Package biblatex Info: Automatic encoding selection.
(biblatex)             Assuming data encoding 'utf8'.
\openout5 = `Fachbericht.bcf'.

Package biblatex Info: Trying to load bibliographic data...
Package biblatex Info: ... file 'Fachbericht.bbl' found.
 (Fachbericht.bbl)
Package biblatex Info: Reference section=0 on input line 12.
Package biblatex Info: Reference segment=0 on input line 12.
LaTeX Font Info:    Try loading font information for OT1+lmr on input line 12.

("C:\Users\Anders\AppData\Local\Programs\MiKTeX 2.9\tex\latex\lm\ot1lmr.fd"
File: ot1lmr.fd 2009/10/30 v1.6 Font defs for Latin Modern
)
LaTeX Font Info:    Try loading font information for OML+lmm on input line 12.

("C:\Users\Anders\AppData\Local\Programs\MiKTeX 2.9\tex\latex\lm\omllmm.fd"
File: omllmm.fd 2009/10/30 v1.6 Font defs for Latin Modern
)
LaTeX Font Info:    Try loading font information for OMS+lmsy on input line 12.


("C:\Users\Anders\AppData\Local\Programs\MiKTeX 2.9\tex\latex\lm\omslmsy.fd"
File: omslmsy.fd 2009/10/30 v1.6 Font defs for Latin Modern
)
LaTeX Font Info:    Try loading font information for OMX+lmex on input line 12.


("C:\Users\Anders\AppData\Local\Programs\MiKTeX 2.9\tex\latex\lm\omxlmex.fd"
File: omxlmex.fd 2009/10/30 v1.6 Font defs for Latin Modern
)
LaTeX Font Info:    External font `lmex10' loaded for size
(Font)              <10.95> on input line 12.
LaTeX Font Info:    External font `lmex10' loaded for size
(Font)              <8> on input line 12.
LaTeX Font Info:    External font `lmex10' loaded for size
(Font)              <6> on input line 12.
LaTeX Font Info:    Try loading font information for OT1+lmss on input line 12.


("C:\Users\Anders\AppData\Local\Programs\MiKTeX 2.9\tex\latex\lm\ot1lmss.fd"
File: ot1lmss.fd 2009/10/30 v1.6 Font defs for Latin Modern
)
LaTeX Font Info:    Try loading font information for OT1+lmtt on input line 12.


("C:\Users\Anders\AppData\Local\Programs\MiKTeX 2.9\tex\latex\lm\ot1lmtt.fd"
File: ot1lmtt.fd 2009/10/30 v1.6 Font defs for Latin Modern
)
<fhnwlogo.pdf, id=106, 183.81773pt x 28.4543pt>
File: fhnwlogo.pdf Graphic file (type pdf)
<use fhnwlogo.pdf>
Package pdftex.def Info: fhnwlogo.pdf  used on input line 18.
(pdftex.def)             Requested size: 220.57736pt x 34.1433pt.
LaTeX Font Info:    External font `lmex10' loaded for size
(Font)              <12> on input line 18.

[1

{C:/Users/Anders/AppData/Local/MiKTeX/2.9/pdftex/config/pdftex.map} <./fhnwlogo
.pdf>]
\openout2 = `sections/abstract.aux'.

 (sections/abstract.tex
LaTeX Font Info:    Try loading font information for T1+lmss on input line 2.

("C:\Users\Anders\AppData\Local\Programs\MiKTeX 2.9\tex\latex\lm\t1lmss.fd"
File: t1lmss.fd 2009/10/30 v1.6 Font defs for Latin Modern
)
Underfull \hbox (badness 10000) in paragraph at lines 3--8

 []

) [1



] (Fachbericht.toc [2


])
\tf@toc=\write7
\openout7 = `Fachbericht.toc'.

 [3]
part I.
Package scrkbase Info: You've told me to use the font selection of the element
(scrkbase)             `partprefix' that is an alias of element `partnumber'
(scrkbase)              on input line 57.
[1


]
\openout2 = `sections/einleitend/Einleitung.aux'.

 (sections/einleitend/Einleitung.tex
chapter 1.

Class scrreprt Warning: \float@addtolists detected!
(scrreprt)              Implementation of \float@addtolist became
(scrreprt)              deprecated in KOMA-Script v3.01 2008/11/14 and
(scrreprt)              has been replaced by several more flexible
(scrreprt)              features of package `tocbasic`.
(scrreprt)              Since Version 3.12 support for deprecated
(scrreprt)              \float@addtolist interface has been
(scrreprt)              restricted to only some of the KOMA-Script
(scrreprt)              features and been removed from others.
(scrreprt)              Loading of package `scrhack' may help to
(scrreprt)              avoid this warning, if you are using a
(scrreprt)              a package that still implements the
(scrreprt)              deprecated \float@addtolist interface .

) [2


]
\openout2 = `sections/einleitend/Auftragsbeschreibung.aux'.

 (sections/einleitend/Auftragsbeschreibung.tex
chapter 2.
) [3



]
\openout2 = `sections/einleitend/Ziele.aux'.

 (sections/einleitend/Ziele.tex
chapter 3.
) [4



]
\openout2 = `sections/einleitend/Konzept.aux'.

 (sections/einleitend/Konzept.tex
chapter 4.
) [5



]
part II.
Package scrkbase Info: You've told me to use the font selection of the element
(scrkbase)             `partprefix' that is an alias of element `partnumber'
(scrkbase)              on input line 64.
[6


] (sections/firmware/Interfaces/Interfaces.tex
chapter 5.
(sections/firmware/Interfaces/Subsections/spi.tex)
(sections/firmware/Interfaces/Subsections/I2C.tex))
(sections/firmware/Firmware/Firmware.tex [7

]
chapter 6.
) [8

]
part III.
Package scrkbase Info: You've told me to use the font selection of the element
(scrkbase)             `partprefix' that is an alias of element `partnumber'
(scrkbase)              on input line 69.
[9

]
\openout2 = `sections/hardware/MCU.aux'.

 (sections/hardware/MCU.tex
chapter 7.
) [10


]
\openout2 = `sections/hardware/RTC.aux'.

 (sections/hardware/RTC.tex
chapter 8.
) [11



]
\openout2 = `sections/hardware/Sensoren.aux'.

 (sections/hardware/Sensoren.tex
chapter 9.
) [12



]
\openout2 = `sections/hardware/Datenspeicherung.aux'.

 (sections/hardware/Datenspeicherung.tex
chapter 10.
) [13



]
\openout2 = `sections/hardware/Kommunikationsmodule.aux'.

 (sections/hardware/Kommunikationsmodule.tex
chapter 11.
) [14



]
\openout2 = `sections/hardware/Energieversorgung.aux'.

 (sections/hardware/Energieversorgung.tex
chapter 12.
) [15



]
\openout2 = `sections/hardware/PCB.aux'.

 (sections/hardware/PCB.tex
chapter 13.
) [16



]
part IV.
Package scrkbase Info: You've told me to use the font selection of the element
(scrkbase)             `partprefix' that is an alias of element `partnumber'
(scrkbase)              on input line 79.
[17


]
\openout2 = `sections/abschliessend/Konzeptvalidierung.aux'.

 (sections/abschliessend/Konzeptvalidierung.tex
chapter 14.
) [18


]
\openout2 = `sections/abschliessend/Schluss.aux'.

 (sections/abschliessend/Schluss.tex
chapter 15.
) [19



]
\openout2 = `sections/Authentizitaetserklaerung.aux'.

 (sections/Authentizitaetserklaerung.tex
chapter 16.

Underfull \hbox (badness 10000) in paragraph at lines 3--4

 []


Underfull \hbox (badness 10000) in paragraph at lines 5--6

 []


Underfull \hbox (badness 10000) in paragraph at lines 11--11
[]|\T1/lmr/m/n/14.4 Brugg/Windisch,
 []

) [20



]
part V.
Package scrkbase Info: You've told me to use the font selection of the element
(scrkbase)             `partprefix' that is an alias of element `partnumber'
(scrkbase)              on input line 89.
[21


]

LaTeX Warning: Empty bibliography on input line 91.

(Fachbericht.lot)
\tf@lot=\write8
\openout8 = `Fachbericht.lot'.

 [22

] (Fachbericht.lof)
\tf@lof=\write9
\openout9 = `Fachbericht.lof'.

 [23

]
\openout2 = `sections/appendix.aux'.

 (sections/appendix.tex

Class scrreprt Warning: You are using `\begin{appendix}...\end{appendix}'.
(scrreprt)              You should note, that `\appendix' is a mostly globally
(scrreprt)              working command not an enviroment with only local
(scrreprt)              effects. Therefore `\end{appendix}' will neither
(scrreprt)              switch back to normal section numbering nor finish
(scrreprt)              every other effect of `\begin{appendix}'.
(scrreprt)              Nevertheless, some effects may end with
(scrreprt)              `\end{appendix}' and the document may become
(scrreprt)              inconsistent.
(scrreprt)              Because of this, you should remove `\end{appendix}'
(scrreprt)              and replace `\begin{appendix}' by command
(scrreprt)              `\appendix' on input line 1.

)
Package atveryend Info: Empty hook `BeforeClearDocument' on input line 111.
Package atveryend Info: Empty hook `AfterLastShipout' on input line 111.
 (Fachbericht.aux (sections/abstract.aux) (sections/einleitend/Einleitung.aux) 
(sections/einleitend/Auftragsbeschreibung.aux) (sections/einleitend/Ziele.aux) 
(sections/einleitend/Konzept.aux) (sections/hardware/MCU.aux)
(sections/hardware/RTC.aux) (sections/hardware/Sensoren.aux)
(sections/hardware/Datenspeicherung.aux)
(sections/hardware/Kommunikationsmodule.aux)
(sections/hardware/Energieversorgung.aux) (sections/hardware/PCB.aux)
(sections/abschliessend/Konzeptvalidierung.aux)
(sections/abschliessend/Schluss.aux) (sections/Authentizitaetserklaerung.aux)
(sections/appendix.aux))
Package atveryend Info: Executing hook `AtVeryEndDocument' on input line 111.
Package atveryend Info: Executing hook `AtEndAfterFileList' on input line 111.


Package rerunfilecheck Warning: File `Fachbericht.out' has changed.
(rerunfilecheck)                Rerun to get outlines right
(rerunfilecheck)                or use package `bookmark'.

Package rerunfilecheck Info: Checksums for `Fachbericht.out':
(rerunfilecheck)             Before: A218D801D6F3A6C8E1B81F823D5E9FE1;1410
(rerunfilecheck)             After:  406A9E278BA18ACA456DD6B7B4E02498;1271.
Package logreq Info: Writing requests to 'Fachbericht.run.xml'.
\openout1 = `Fachbericht.run.xml'.

Package atveryend Info: Empty hook `AtVeryVeryEnd' on input line 111.
 ) 
Here is how much of TeX's memory you used:
 51710 strings out of 492972
 1086062 string characters out of 3126178
 1755314 words of memory out of 3000000
 54650 multiletter control sequences out of 15000+200000
 604067 words of font info for 62 fonts, out of 3000000 for 9000
 1143 hyphenation exceptions out of 8191
 76i,9n,72p,9197b,2488s stack positions out of 5000i,500n,10000p,200000b,50000s
pdfTeX warning (dest): name{section.5.2} has been referenced but does not exi
st, replaced by a fixed one

pdfTeX warning (dest): name{section.5.1} has been referenced but does not exist
, replaced by a fixed one

{C:/Users/Anders/AppData/Local/Programs/MiKTeX 2.9/fonts/enc/dvips/lm/lm-ec.enc
}{C:/Users/Anders/AppData/Local/Programs/MiKTeX 2.9/fonts/enc/dvips/lm/lm-rm.en
c}<C:/Users/Anders/AppData/Local/Programs/MiKTeX 2.9/fonts/type1/public/lm/lmbx
10.pfb><C:/Users/Anders/AppData/Local/Programs/MiKTeX 2.9/fonts/type1/public/lm
/lmbx12.pfb><C:/Users/Anders/AppData/Local/Programs/MiKTeX 2.9/fonts/type1/publ
ic/lm/lmr10.pfb><C:/Users/Anders/AppData/Local/Programs/MiKTeX 2.9/fonts/type1/
public/lm/lmr12.pfb><C:/Users/Anders/AppData/Local/Programs/MiKTeX 2.9/fonts/ty
pe1/public/lm/lmr17.pfb><C:/Users/Anders/AppData/Local/Programs/MiKTeX 2.9/font
s/type1/public/lm/lmr8.pfb><C:/Users/Anders/AppData/Local/Programs/MiKTeX 2.9/f
onts/type1/public/lm/lmro10.pfb><C:/Users/Anders/AppData/Local/Programs/MiKTeX 
2.9/fonts/type1/public/lm/lmssbx10.pfb>
Output written on Fachbericht.pdf (27 pages, 362260 bytes).
PDF statistics:
 313 PDF objects out of 1000 (max. 8388607)
 56 named destinations out of 1000 (max. 500000)
 218 words of extra memory for PDF output out of 10000 (max. 10000000)

