\BOOKMARK [-1][-]{part.1}{I Einleitender Teil}{}% 1
\BOOKMARK [0][-]{chapter.1}{1 Einleitung}{part.1}% 2
\BOOKMARK [0][-]{chapter.2}{2 Auftragsbeschreibung}{part.1}% 3
\BOOKMARK [0][-]{chapter.3}{3 Ziele}{part.1}% 4
\BOOKMARK [0][-]{chapter.4}{4 Konzept}{part.1}% 5
\BOOKMARK [-1][-]{part.2}{II Softwareteil}{}% 6
\BOOKMARK [0][-]{chapter.5}{5 Interfaces}{part.2}% 7
\BOOKMARK [0][-]{chapter.6}{6 Firmware}{part.2}% 8
\BOOKMARK [-1][-]{part.3}{III Hardwareteil}{}% 9
\BOOKMARK [0][-]{chapter.7}{7 MCU}{part.3}% 10
\BOOKMARK [0][-]{chapter.8}{8 RTC}{part.3}% 11
\BOOKMARK [0][-]{chapter.9}{9 Sensoren}{part.3}% 12
\BOOKMARK [0][-]{chapter.10}{10 Datenspeicherung}{part.3}% 13
\BOOKMARK [0][-]{chapter.11}{11 Kommunikationsmodule}{part.3}% 14
\BOOKMARK [0][-]{chapter.12}{12 Energieversorgung}{part.3}% 15
\BOOKMARK [0][-]{chapter.13}{13 PCB}{part.3}% 16
\BOOKMARK [-1][-]{part.4}{IV Abschliessender Teil}{}% 17
\BOOKMARK [0][-]{chapter.14}{14 Konzeptvalidierung}{part.4}% 18
\BOOKMARK [0][-]{chapter.15}{15 Schluss}{part.4}% 19
\BOOKMARK [0][-]{chapter.16}{16 Authentizit\344tserkl\344rung}{part.4}% 20
\BOOKMARK [0][-]{chapter*.4}{Literatur}{part.4}% 21
\BOOKMARK [0][-]{chapter*.5}{Tabellenverzeichnis}{part.4}% 22
\BOOKMARK [0][-]{chapter*.6}{Abbildungsverzeichnis}{part.4}% 23
